[ 2017-08-23T09:38:11+08:00 ] ::1 /gitkunl/kl/kuluncom/index.php
INFO: [ app_begin ] --START--
INFO: Run Behavior\ReadHtmlCache [ RunTime:0.001953s ]
INFO: [ app_begin ] --END-- [ RunTime:0.017578s ]
INFO: [ view_parse ] --START--
INFO: [ template_filter ] --START--
INFO: Run Behavior\ContentReplace [ RunTime:0.000000s ]
INFO: [ template_filter ] --END-- [ RunTime:0.000977s ]
INFO: Run Behavior\ParseTemplate [ RunTime:0.025391s ]
INFO: [ view_parse ] --END-- [ RunTime:0.025391s ]
INFO: [ view_filter ] --START--
INFO: Run Behavior\WriteHtmlCache [ RunTime:0.000976s ]
INFO: [ view_filter ] --END-- [ RunTime:0.000976s ]
INFO: [ app_end ] --START--
INFO: Run Behavior\ShowPageTrace [ RunTime:0.000977s ]
INFO: [ app_end ] --END-- [ RunTime:0.000977s ]

[ 2017-08-23T09:49:56+08:00 ] ::1 /gitkunl/kl/kuluncom/index.php/Login/login.html
INFO: [ app_begin ] --START--
INFO: Run Behavior\ReadHtmlCache [ RunTime:0.000000s ]
INFO: [ app_begin ] --END-- [ RunTime:0.000977s ]
NOTIC: [2] Missing argument 1 for I(), called in D:\phpStudy\WWW\gitkunl\kl\kuluncom\Kunlunadmin\Home\Controller\LoginController.class.php on line 10 and defined D:\phpStudy\WWW\gitkunl\kl\kuluncom\ThinkPHP\Common\functions.php 第 220 行.
NOTIC: [8] Undefined variable: name D:\phpStudy\WWW\gitkunl\kl\kuluncom\ThinkPHP\Common\functions.php 第 221 行.
NOTIC: [8192] mysql_connect(): The mysql extension is deprecated and will be removed in the future: use mysqli or PDO instead D:\phpStudy\WWW\gitkunl\kl\kuluncom\ThinkPHP\Library\Think\Db\Driver\Mysql.class.php 第 52 行.
SQL: SHOW COLUMNS FROM `kl_common` [ RunTime:0.034180s ]
ERR: 1146:Table 'kunluns.kl_common' doesn't exist
 [ SQL语句 ] : SHOW COLUMNS FROM `kl_common`
SQL: SHOW COLUMNS FROM `kl_admin_user` [ RunTime:0.029297s ]
SQL: SELECT `u_id` FROM `kl_admin_user` WHERE ( `number` = '13361205810' ) LIMIT 1   [ RunTime:0.006836s ]

[ 2017-08-23T09:49:56+08:00 ] ::1 /gitkunl/kl/kuluncom/index.php/Index/index.html
INFO: [ app_begin ] --START--
INFO: Run Behavior\ReadHtmlCache [ RunTime:0.000977s ]
INFO: [ app_begin ] --END-- [ RunTime:0.000977s ]
INFO: [ view_parse ] --START--
INFO: [ template_filter ] --START--
INFO: Run Behavior\ContentReplace [ RunTime:0.000000s ]
INFO: [ template_filter ] --END-- [ RunTime:0.000000s ]
INFO: Run Behavior\ParseTemplate [ RunTime:0.058594s ]
INFO: [ view_parse ] --END-- [ RunTime:0.058594s ]
INFO: [ view_filter ] --START--
INFO: Run Behavior\WriteHtmlCache [ RunTime:0.000976s ]
INFO: [ view_filter ] --END-- [ RunTime:0.000976s ]
INFO: [ app_end ] --START--
INFO: Run Behavior\ShowPageTrace [ RunTime:0.000977s ]
INFO: [ app_end ] --END-- [ RunTime:0.000977s ]

[ 2017-08-23T09:58:53+08:00 ] ::1 /gitkunl/kl/kuluncom/index.php/Home/Personnel/index.html
INFO: [ app_begin ] --START--
INFO: Run Behavior\ReadHtmlCache [ RunTime:0.000977s ]
INFO: [ app_begin ] --END-- [ RunTime:0.000977s ]
ERR: 无法加载控制器:Home

[ 2017-08-23T09:59:03+08:00 ] ::1 /gitkunl/kl/kuluncom/index.php/Home/Personnel/index.html
INFO: [ app_begin ] --START--
INFO: Run Behavior\ReadHtmlCache [ RunTime:0.000000s ]
INFO: [ app_begin ] --END-- [ RunTime:0.000977s ]
ERR: 无法加载控制器:Home

[ 2017-08-23T09:59:14+08:00 ] ::1 /gitkunl/kl/kuluncom/index.php/Home/Personnel/index.html
INFO: [ app_begin ] --START--
INFO: Run Behavior\ReadHtmlCache [ RunTime:0.000976s ]
INFO: [ app_begin ] --END-- [ RunTime:0.001953s ]
ERR: 无法加载控制器:Home

[ 2017-08-23T09:59:23+08:00 ] ::1 /gitkunl/kl/kuluncom/index.php/Personnel/index.html
INFO: [ app_begin ] --START--
INFO: Run Behavior\ReadHtmlCache [ RunTime:0.000000s ]
INFO: [ app_begin ] --END-- [ RunTime:0.000977s ]
NOTIC: [8192] mysql_connect(): The mysql extension is deprecated and will be removed in the future: use mysqli or PDO instead D:\phpStudy\WWW\gitkunl\kl\kuluncom\ThinkPHP\Library\Think\Db\Driver\Mysql.class.php 第 52 行.
SQL: SHOW COLUMNS FROM `kl_common` [ RunTime:0.003906s ]
ERR: 1146:Table 'kunluns.kl_common' doesn't exist
 [ SQL语句 ] : SHOW COLUMNS FROM `kl_common`
SQL: SHOW COLUMNS FROM `kl_role` [ RunTime:0.017578s ]
NOTIC: [2] Invalid argument supplied for foreach() D:\phpStudy\WWW\gitkunl\kl\kuluncom\ThinkPHP\Library\Think\Db.class.php 第 425 行.
SQL: SELECT `r_id`,`name`,`desc`,`u_id` FROM `kl_role`  [ RunTime:0.000000s ]
INFO: [ view_parse ] --START--
INFO: [ template_filter ] --START--
INFO: Run Behavior\ContentReplace [ RunTime:0.000000s ]
INFO: [ template_filter ] --END-- [ RunTime:0.000976s ]
INFO: Run Behavior\ParseTemplate [ RunTime:0.023438s ]
INFO: [ view_parse ] --END-- [ RunTime:0.023438s ]
INFO: [ view_filter ] --START--
INFO: Run Behavior\WriteHtmlCache [ RunTime:0.000000s ]
INFO: [ view_filter ] --END-- [ RunTime:0.000000s ]
INFO: [ app_end ] --START--
INFO: Run Behavior\ShowPageTrace [ RunTime:0.000977s ]
INFO: [ app_end ] --END-- [ RunTime:0.000977s ]

[ 2017-08-23T09:59:32+08:00 ] ::1 /gitkunl/kl/kuluncom/index.php/Power/index.html
INFO: [ app_begin ] --START--
INFO: Run Behavior\ReadHtmlCache [ RunTime:0.000976s ]
INFO: [ app_begin ] --END-- [ RunTime:0.000976s ]
INFO: [ view_parse ] --START--
INFO: [ template_filter ] --START--
INFO: Run Behavior\ContentReplace [ RunTime:0.000000s ]
INFO: [ template_filter ] --END-- [ RunTime:0.000000s ]
INFO: Run Behavior\ParseTemplate [ RunTime:0.015625s ]
INFO: [ view_parse ] --END-- [ RunTime:0.016602s ]
INFO: [ view_filter ] --START--
INFO: Run Behavior\WriteHtmlCache [ RunTime:0.000000s ]
INFO: [ view_filter ] --END-- [ RunTime:0.000000s ]
INFO: [ app_end ] --START--
INFO: Run Behavior\ShowPageTrace [ RunTime:0.000977s ]
INFO: [ app_end ] --END-- [ RunTime:0.000977s ]

[ 2017-08-23T09:59:36+08:00 ] ::1 /gitkunl/kl/kuluncom/index.php/Power/form-elements.html
INFO: [ app_begin ] --START--
INFO: Run Behavior\ReadHtmlCache [ RunTime:0.000000s ]
INFO: [ app_begin ] --END-- [ RunTime:0.000976s ]
ERR: 非法操作:form-elements

[ 2017-08-23T09:59:41+08:00 ] ::1 /gitkunl/kl/kuluncom/index.php/Activity/index.html
INFO: [ app_begin ] --START--
INFO: Run Behavior\ReadHtmlCache [ RunTime:0.000977s ]
INFO: [ app_begin ] --END-- [ RunTime:0.000977s ]
NOTIC: [2] Missing argument 1 for I(), called in D:\phpStudy\WWW\gitkunl\kl\kuluncom\Kunlunadmin\Home\Controller\ActivityController.class.php on line 12 and defined D:\phpStudy\WWW\gitkunl\kl\kuluncom\ThinkPHP\Common\functions.php 第 220 行.
NOTIC: [8] Undefined variable: name D:\phpStudy\WWW\gitkunl\kl\kuluncom\ThinkPHP\Common\functions.php 第 221 行.
INFO: [ view_parse ] --START--
INFO: [ template_filter ] --START--
INFO: Run Behavior\ContentReplace [ RunTime:0.000000s ]
INFO: [ template_filter ] --END-- [ RunTime:0.000000s ]
INFO: Run Behavior\ParseTemplate [ RunTime:0.024414s ]
INFO: [ view_parse ] --END-- [ RunTime:0.024414s ]
INFO: [ view_filter ] --START--
INFO: Run Behavior\WriteHtmlCache [ RunTime:0.000976s ]
INFO: [ view_filter ] --END-- [ RunTime:0.000976s ]
INFO: [ app_end ] --START--
INFO: Run Behavior\ShowPageTrace [ RunTime:0.000977s ]
INFO: [ app_end ] --END-- [ RunTime:0.000977s ]

[ 2017-08-23T09:59:49+08:00 ] ::1 /gitkunl/kl/kuluncom/index.php/Home/Lecturer/edit.html
INFO: [ app_begin ] --START--
INFO: Run Behavior\ReadHtmlCache [ RunTime:0.000977s ]
INFO: [ app_begin ] --END-- [ RunTime:0.000977s ]
ERR: 无法加载控制器:Home

[ 2017-08-23T10:27:51+08:00 ] ::1 /gitkunl/kl/kuluncom/index.php/Activity/index.html
INFO: [ app_begin ] --START--
INFO: Run Behavior\ReadHtmlCache [ RunTime:0.000977s ]
INFO: [ app_begin ] --END-- [ RunTime:0.001953s ]
NOTIC: [2] Missing argument 1 for I(), called in D:\phpStudy\WWW\gitkunl\kl\kuluncom\Kunlunadmin\Home\Controller\ActivityController.class.php on line 12 and defined D:\phpStudy\WWW\gitkunl\kl\kuluncom\ThinkPHP\Common\functions.php 第 220 行.
NOTIC: [8] Undefined variable: name D:\phpStudy\WWW\gitkunl\kl\kuluncom\ThinkPHP\Common\functions.php 第 221 行.
INFO: [ view_parse ] --START--
INFO: [ template_filter ] --START--
INFO: Run Behavior\ContentReplace [ RunTime:0.000977s ]
INFO: [ template_filter ] --END-- [ RunTime:0.000977s ]
INFO: Run Behavior\ParseTemplate [ RunTime:0.014648s ]
INFO: [ view_parse ] --END-- [ RunTime:0.014648s ]
INFO: [ view_filter ] --START--
INFO: Run Behavior\WriteHtmlCache [ RunTime:0.000977s ]
INFO: [ view_filter ] --END-- [ RunTime:0.000977s ]
INFO: [ app_end ] --START--
INFO: Run Behavior\ShowPageTrace [ RunTime:0.000976s ]
INFO: [ app_end ] --END-- [ RunTime:0.000976s ]

[ 2017-08-23T10:27:57+08:00 ] ::1 /gitkunl/kl/kuluncom/index.php/Personnel/index.html
INFO: [ app_begin ] --START--
INFO: Run Behavior\ReadHtmlCache [ RunTime:0.000000s ]
INFO: [ app_begin ] --END-- [ RunTime:0.000976s ]
NOTIC: [8192] mysql_connect(): The mysql extension is deprecated and will be removed in the future: use mysqli or PDO instead D:\phpStudy\WWW\gitkunl\kl\kuluncom\ThinkPHP\Library\Think\Db\Driver\Mysql.class.php 第 52 行.
SQL: SHOW COLUMNS FROM `kl_common` [ RunTime:0.004883s ]
ERR: 1146:Table 'kunluns.kl_common' doesn't exist
 [ SQL语句 ] : SHOW COLUMNS FROM `kl_common`
SQL: SHOW COLUMNS FROM `kl_role` [ RunTime:0.003906s ]
NOTIC: [2] Invalid argument supplied for foreach() D:\phpStudy\WWW\gitkunl\kl\kuluncom\ThinkPHP\Library\Think\Db.class.php 第 425 行.
SQL: SELECT `r_id`,`name`,`desc`,`u_id` FROM `kl_role`  [ RunTime:0.000000s ]
INFO: [ view_parse ] --START--
INFO: [ template_filter ] --START--
INFO: Run Behavior\ContentReplace [ RunTime:0.000000s ]
INFO: [ template_filter ] --END-- [ RunTime:0.000000s ]
INFO: Run Behavior\ParseTemplate [ RunTime:0.014648s ]
INFO: [ view_parse ] --END-- [ RunTime:0.014648s ]
INFO: [ view_filter ] --START--
INFO: Run Behavior\WriteHtmlCache [ RunTime:0.000977s ]
INFO: [ view_filter ] --END-- [ RunTime:0.000977s ]
INFO: [ app_end ] --START--
INFO: Run Behavior\ShowPageTrace [ RunTime:0.000000s ]
INFO: [ app_end ] --END-- [ RunTime:0.000000s ]

[ 2017-08-23T10:35:31+08:00 ] ::1 /gitkunl/kl/kuluncom/index.php/Personnel/index.html
INFO: [ app_begin ] --START--
INFO: Run Behavior\ReadHtmlCache [ RunTime:0.000000s ]
INFO: [ app_begin ] --END-- [ RunTime:0.000976s ]
NOTIC: [8192] mysql_connect(): The mysql extension is deprecated and will be removed in the future: use mysqli or PDO instead D:\phpStudy\WWW\gitkunl\kl\kuluncom\ThinkPHP\Library\Think\Db\Driver\Mysql.class.php 第 52 行.
SQL: SHOW COLUMNS FROM `kl_common` [ RunTime:0.005860s ]
ERR: 1146:Table 'kunluns.kl_common' doesn't exist
 [ SQL语句 ] : SHOW COLUMNS FROM `kl_common`
SQL: SHOW COLUMNS FROM `kl_role` [ RunTime:0.004882s ]
NOTIC: [2] Invalid argument supplied for foreach() D:\phpStudy\WWW\gitkunl\kl\kuluncom\ThinkPHP\Library\Think\Db.class.php 第 425 行.
SQL: SELECT `r_id`,`name`,`desc`,`u_id` FROM `kl_role`  [ RunTime:0.000977s ]
INFO: [ view_parse ] --START--
INFO: [ template_filter ] --START--
INFO: Run Behavior\ContentReplace [ RunTime:0.000000s ]
INFO: [ template_filter ] --END-- [ RunTime:0.000000s ]
INFO: Run Behavior\ParseTemplate [ RunTime:0.016602s ]
INFO: [ view_parse ] --END-- [ RunTime:0.016602s ]
INFO: [ view_filter ] --START--
INFO: Run Behavior\WriteHtmlCache [ RunTime:0.000976s ]
INFO: [ view_filter ] --END-- [ RunTime:0.000976s ]
INFO: [ app_end ] --START--
INFO: Run Behavior\ShowPageTrace [ RunTime:0.000977s ]
INFO: [ app_end ] --END-- [ RunTime:0.000977s ]

[ 2017-08-23T10:35:35+08:00 ] ::1 /gitkunl/kl/kuluncom/index.php/Personnel/index.html
INFO: [ app_begin ] --START--
INFO: Run Behavior\ReadHtmlCache [ RunTime:0.000000s ]
INFO: [ app_begin ] --END-- [ RunTime:0.000976s ]
NOTIC: [8192] mysql_connect(): The mysql extension is deprecated and will be removed in the future: use mysqli or PDO instead D:\phpStudy\WWW\gitkunl\kl\kuluncom\ThinkPHP\Library\Think\Db\Driver\Mysql.class.php 第 52 行.
SQL: SHOW COLUMNS FROM `kl_common` [ RunTime:0.005860s ]
ERR: 1146:Table 'kunluns.kl_common' doesn't exist
 [ SQL语句 ] : SHOW COLUMNS FROM `kl_common`
SQL: SHOW COLUMNS FROM `kl_role` [ RunTime:0.005859s ]
NOTIC: [2] Invalid argument supplied for foreach() D:\phpStudy\WWW\gitkunl\kl\kuluncom\ThinkPHP\Library\Think\Db.class.php 第 425 行.
SQL: SELECT `r_id`,`name`,`desc`,`u_id` FROM `kl_role`  [ RunTime:0.000977s ]
INFO: [ view_parse ] --START--
INFO: [ template_filter ] --START--
INFO: Run Behavior\ContentReplace [ RunTime:0.000000s ]
INFO: [ template_filter ] --END-- [ RunTime:0.000000s ]
INFO: Run Behavior\ParseTemplate [ RunTime:0.014648s ]
INFO: [ view_parse ] --END-- [ RunTime:0.014648s ]
INFO: [ view_filter ] --START--
INFO: Run Behavior\WriteHtmlCache [ RunTime:0.000977s ]
INFO: [ view_filter ] --END-- [ RunTime:0.000977s ]
INFO: [ app_end ] --START--
INFO: Run Behavior\ShowPageTrace [ RunTime:0.000976s ]
INFO: [ app_end ] --END-- [ RunTime:0.000976s ]

[ 2017-08-23T10:35:38+08:00 ] ::1 /gitkunl/kl/kuluncom/index.php/Activity/index.html
INFO: [ app_begin ] --START--
INFO: Run Behavior\ReadHtmlCache [ RunTime:0.000000s ]
INFO: [ app_begin ] --END-- [ RunTime:0.000977s ]
NOTIC: [2] Missing argument 1 for I(), called in D:\phpStudy\WWW\gitkunl\kl\kuluncom\Kunlunadmin\Home\Controller\ActivityController.class.php on line 12 and defined D:\phpStudy\WWW\gitkunl\kl\kuluncom\ThinkPHP\Common\functions.php 第 220 行.
NOTIC: [8] Undefined variable: name D:\phpStudy\WWW\gitkunl\kl\kuluncom\ThinkPHP\Common\functions.php 第 221 行.
INFO: [ view_parse ] --START--
INFO: [ template_filter ] --START--
INFO: Run Behavior\ContentReplace [ RunTime:0.000000s ]
INFO: [ template_filter ] --END-- [ RunTime:0.000000s ]
INFO: Run Behavior\ParseTemplate [ RunTime:0.014649s ]
INFO: [ view_parse ] --END-- [ RunTime:0.014649s ]
INFO: [ view_filter ] --START--
INFO: Run Behavior\WriteHtmlCache [ RunTime:0.000976s ]
INFO: [ view_filter ] --END-- [ RunTime:0.000976s ]
INFO: [ app_end ] --START--
INFO: Run Behavior\ShowPageTrace [ RunTime:0.000977s ]
INFO: [ app_end ] --END-- [ RunTime:0.000977s ]

[ 2017-08-23T10:35:43+08:00 ] ::1 /gitkunl/kl/kuluncom/index.php/Category/viewpoint.html
INFO: [ app_begin ] --START--
INFO: Run Behavior\ReadHtmlCache [ RunTime:0.000977s ]
INFO: [ app_begin ] --END-- [ RunTime:0.000977s ]
INFO: [ view_parse ] --START--
INFO: [ template_filter ] --START--
INFO: Run Behavior\ContentReplace [ RunTime:0.000000s ]
INFO: [ template_filter ] --END-- [ RunTime:0.000000s ]
INFO: Run Behavior\ParseTemplate [ RunTime:0.015625s ]
INFO: [ view_parse ] --END-- [ RunTime:0.015625s ]
INFO: [ view_filter ] --START--
INFO: Run Behavior\WriteHtmlCache [ RunTime:0.000000s ]
INFO: [ view_filter ] --END-- [ RunTime:0.000000s ]
INFO: [ app_end ] --START--
INFO: Run Behavior\ShowPageTrace [ RunTime:0.000000s ]
INFO: [ app_end ] --END-- [ RunTime:0.000000s ]

[ 2017-08-23T10:35:47+08:00 ] ::1 /gitkunl/kl/kuluncom/index.php/Site/chief.html
INFO: [ app_begin ] --START--
INFO: Run Behavior\ReadHtmlCache [ RunTime:0.000000s ]
INFO: [ app_begin ] --END-- [ RunTime:0.000976s ]
NOTIC: [2] Missing argument 1 for I(), called in D:\phpStudy\WWW\gitkunl\kl\kuluncom\Kunlunadmin\Home\Controller\SiteController.class.php on line 30 and defined D:\phpStudy\WWW\gitkunl\kl\kuluncom\ThinkPHP\Common\functions.php 第 220 行.
NOTIC: [8] Undefined variable: name D:\phpStudy\WWW\gitkunl\kl\kuluncom\ThinkPHP\Common\functions.php 第 221 行.
NOTIC: [8192] mysql_connect(): The mysql extension is deprecated and will be removed in the future: use mysqli or PDO instead D:\phpStudy\WWW\gitkunl\kl\kuluncom\ThinkPHP\Library\Think\Db\Driver\Mysql.class.php 第 52 行.
SQL: SHOW COLUMNS FROM `kl_common` [ RunTime:0.005859s ]
ERR: 1146:Table 'kunluns.kl_common' doesn't exist
 [ SQL语句 ] : SHOW COLUMNS FROM `kl_common`
SQL: SHOW COLUMNS FROM `kl_admin_user` [ RunTime:0.005859s ]
NOTIC: [2] Invalid argument supplied for foreach() D:\phpStudy\WWW\gitkunl\kl\kuluncom\ThinkPHP\Library\Think\Db.class.php 第 425 行.
SQL: SELECT `u_id`,`nickname` FROM `kl_admin_user`  [ RunTime:0.000000s ]
INFO: [ view_parse ] --START--
INFO: [ template_filter ] --START--
INFO: Run Behavior\ContentReplace [ RunTime:0.000977s ]
INFO: [ template_filter ] --END-- [ RunTime:0.000977s ]
INFO: Run Behavior\ParseTemplate [ RunTime:0.015625s ]
INFO: [ view_parse ] --END-- [ RunTime:0.015625s ]
INFO: [ view_filter ] --START--
INFO: Run Behavior\WriteHtmlCache [ RunTime:0.000000s ]
INFO: [ view_filter ] --END-- [ RunTime:0.000000s ]
INFO: [ app_end ] --START--
INFO: Run Behavior\ShowPageTrace [ RunTime:0.000000s ]
INFO: [ app_end ] --END-- [ RunTime:0.000000s ]

[ 2017-08-23T10:35:49+08:00 ] ::1 /gitkunl/kl/kuluncom/index.php/Site/banner.html
INFO: [ app_begin ] --START--
INFO: Run Behavior\ReadHtmlCache [ RunTime:0.000976s ]
INFO: [ app_begin ] --END-- [ RunTime:0.000976s ]
INFO: [ view_parse ] --START--
INFO: [ template_filter ] --START--
INFO: Run Behavior\ContentReplace [ RunTime:0.000976s ]
INFO: [ template_filter ] --END-- [ RunTime:0.000976s ]
INFO: Run Behavior\ParseTemplate [ RunTime:0.018555s ]
INFO: [ view_parse ] --END-- [ RunTime:0.019531s ]
INFO: [ view_filter ] --START--
INFO: Run Behavior\WriteHtmlCache [ RunTime:0.000000s ]
INFO: [ view_filter ] --END-- [ RunTime:0.000000s ]
INFO: [ app_end ] --START--
INFO: Run Behavior\ShowPageTrace [ RunTime:0.000977s ]
INFO: [ app_end ] --END-- [ RunTime:0.000977s ]

[ 2017-08-23T10:36:01+08:00 ] ::1 /gitkunl/kl/kuluncom/index.php/Site/banner.html
INFO: [ app_begin ] --START--
INFO: Run Behavior\ReadHtmlCache [ RunTime:0.000976s ]
INFO: [ app_begin ] --END-- [ RunTime:0.000976s ]
INFO: [ view_parse ] --START--
INFO: [ template_filter ] --START--
INFO: Run Behavior\ContentReplace [ RunTime:0.000000s ]
INFO: [ template_filter ] --END-- [ RunTime:0.000000s ]
INFO: Run Behavior\ParseTemplate [ RunTime:0.016602s ]
INFO: [ view_parse ] --END-- [ RunTime:0.016602s ]
INFO: [ view_filter ] --START--
INFO: Run Behavior\WriteHtmlCache [ RunTime:0.000000s ]
INFO: [ view_filter ] --END-- [ RunTime:0.000000s ]
INFO: [ app_end ] --START--
INFO: Run Behavior\ShowPageTrace [ RunTime:0.000000s ]
INFO: [ app_end ] --END-- [ RunTime:0.000000s ]

[ 2017-08-23T10:36:05+08:00 ] ::1 /gitkunl/kl/kuluncom/index.php/Review/index.html
INFO: [ app_begin ] --START--
INFO: Run Behavior\ReadHtmlCache [ RunTime:0.000977s ]
INFO: [ app_begin ] --END-- [ RunTime:0.000977s ]
NOTIC: [2] Missing argument 1 for I(), called in D:\phpStudy\WWW\gitkunl\kl\kuluncom\Kunlunadmin\Home\Controller\ReviewController.class.php on line 12 and defined D:\phpStudy\WWW\gitkunl\kl\kuluncom\ThinkPHP\Common\functions.php 第 220 行.
NOTIC: [8] Undefined variable: name D:\phpStudy\WWW\gitkunl\kl\kuluncom\ThinkPHP\Common\functions.php 第 221 行.
NOTIC: [8192] mysql_connect(): The mysql extension is deprecated and will be removed in the future: use mysqli or PDO instead D:\phpStudy\WWW\gitkunl\kl\kuluncom\ThinkPHP\Library\Think\Db\Driver\Mysql.class.php 第 52 行.
SQL: SHOW COLUMNS FROM `kl_common` [ RunTime:0.005860s ]
ERR: 1146:Table 'kunluns.kl_common' doesn't exist
 [ SQL语句 ] : SHOW COLUMNS FROM `kl_common`
SQL: SHOW COLUMNS FROM `kl_system` [ RunTime:0.106446s ]
NOTIC: [2] Invalid argument supplied for foreach() D:\phpStudy\WWW\gitkunl\kl\kuluncom\ThinkPHP\Library\Think\Db.class.php 第 425 行.
SQL: SELECT `id`,`name` FROM `kl_system`  [ RunTime:0.000000s ]
INFO: [ view_parse ] --START--
INFO: [ template_filter ] --START--
INFO: Run Behavior\ContentReplace [ RunTime:0.000000s ]
INFO: [ template_filter ] --END-- [ RunTime:0.000000s ]
INFO: Run Behavior\ParseTemplate [ RunTime:0.014649s ]
INFO: [ view_parse ] --END-- [ RunTime:0.014649s ]
INFO: [ view_filter ] --START--
INFO: Run Behavior\WriteHtmlCache [ RunTime:0.000000s ]
INFO: [ view_filter ] --END-- [ RunTime:0.000000s ]
INFO: [ app_end ] --START--
INFO: Run Behavior\ShowPageTrace [ RunTime:0.000000s ]
INFO: [ app_end ] --END-- [ RunTime:0.000000s ]

[ 2017-08-23T10:36:16+08:00 ] ::1 /gitkunl/kl/kuluncom/index.php/Review/index.html
INFO: [ app_begin ] --START--
INFO: Run Behavior\ReadHtmlCache [ RunTime:0.000000s ]
INFO: [ app_begin ] --END-- [ RunTime:0.000977s ]
NOTIC: [2] Missing argument 1 for I(), called in D:\phpStudy\WWW\gitkunl\kl\kuluncom\Kunlunadmin\Home\Controller\ReviewController.class.php on line 12 and defined D:\phpStudy\WWW\gitkunl\kl\kuluncom\ThinkPHP\Common\functions.php 第 220 行.
NOTIC: [8] Undefined variable: name D:\phpStudy\WWW\gitkunl\kl\kuluncom\ThinkPHP\Common\functions.php 第 221 行.
NOTIC: [8192] mysql_connect(): The mysql extension is deprecated and will be removed in the future: use mysqli or PDO instead D:\phpStudy\WWW\gitkunl\kl\kuluncom\ThinkPHP\Library\Think\Db\Driver\Mysql.class.php 第 52 行.
SQL: SHOW COLUMNS FROM `kl_common` [ RunTime:0.005859s ]
ERR: 1146:Table 'kunluns.kl_common' doesn't exist
 [ SQL语句 ] : SHOW COLUMNS FROM `kl_common`
SQL: SHOW COLUMNS FROM `kl_system` [ RunTime:0.005860s ]
NOTIC: [2] Invalid argument supplied for foreach() D:\phpStudy\WWW\gitkunl\kl\kuluncom\ThinkPHP\Library\Think\Db.class.php 第 425 行.
SQL: SELECT `id`,`name` FROM `kl_system`  [ RunTime:0.000000s ]
INFO: [ view_parse ] --START--
INFO: [ template_filter ] --START--
INFO: Run Behavior\ContentReplace [ RunTime:0.000000s ]
INFO: [ template_filter ] --END-- [ RunTime:0.000000s ]
INFO: Run Behavior\ParseTemplate [ RunTime:0.014649s ]
INFO: [ view_parse ] --END-- [ RunTime:0.015625s ]
INFO: [ view_filter ] --START--
INFO: Run Behavior\WriteHtmlCache [ RunTime:0.000000s ]
INFO: [ view_filter ] --END-- [ RunTime:0.000000s ]
INFO: [ app_end ] --START--
INFO: Run Behavior\ShowPageTrace [ RunTime:0.000000s ]
INFO: [ app_end ] --END-- [ RunTime:0.000000s ]

[ 2017-08-23T10:36:40+08:00 ] ::1 /gitkunl/kl/kuluncom/index.php/Site/chief.html
INFO: [ app_begin ] --START--
INFO: Run Behavior\ReadHtmlCache [ RunTime:0.000976s ]
INFO: [ app_begin ] --END-- [ RunTime:0.000976s ]
NOTIC: [2] Missing argument 1 for I(), called in D:\phpStudy\WWW\gitkunl\kl\kuluncom\Kunlunadmin\Home\Controller\SiteController.class.php on line 30 and defined D:\phpStudy\WWW\gitkunl\kl\kuluncom\ThinkPHP\Common\functions.php 第 220 行.
NOTIC: [8] Undefined variable: name D:\phpStudy\WWW\gitkunl\kl\kuluncom\ThinkPHP\Common\functions.php 第 221 行.
NOTIC: [8192] mysql_connect(): The mysql extension is deprecated and will be removed in the future: use mysqli or PDO instead D:\phpStudy\WWW\gitkunl\kl\kuluncom\ThinkPHP\Library\Think\Db\Driver\Mysql.class.php 第 52 行.
SQL: SHOW COLUMNS FROM `kl_common` [ RunTime:0.005859s ]
ERR: 1146:Table 'kunluns.kl_common' doesn't exist
 [ SQL语句 ] : SHOW COLUMNS FROM `kl_common`
SQL: SHOW COLUMNS FROM `kl_admin_user` [ RunTime:0.005860s ]
NOTIC: [2] Invalid argument supplied for foreach() D:\phpStudy\WWW\gitkunl\kl\kuluncom\ThinkPHP\Library\Think\Db.class.php 第 425 行.
SQL: SELECT `u_id`,`nickname` FROM `kl_admin_user`  [ RunTime:0.000976s ]
INFO: [ view_parse ] --START--
INFO: [ template_filter ] --START--
INFO: Run Behavior\ContentReplace [ RunTime:0.000000s ]
INFO: [ template_filter ] --END-- [ RunTime:0.000000s ]
INFO: Run Behavior\ParseTemplate [ RunTime:0.015625s ]
INFO: [ view_parse ] --END-- [ RunTime:0.015625s ]
INFO: [ view_filter ] --START--
INFO: Run Behavior\WriteHtmlCache [ RunTime:0.000000s ]
INFO: [ view_filter ] --END-- [ RunTime:0.000000s ]
INFO: [ app_end ] --START--
INFO: Run Behavior\ShowPageTrace [ RunTime:0.000977s ]
INFO: [ app_end ] --END-- [ RunTime:0.000977s ]

[ 2017-08-23T10:36:43+08:00 ] ::1 /gitkunl/kl/kuluncom/index.php/Site/banner.html
INFO: [ app_begin ] --START--
INFO: Run Behavior\ReadHtmlCache [ RunTime:0.000000s ]
INFO: [ app_begin ] --END-- [ RunTime:0.000976s ]
INFO: [ view_parse ] --START--
INFO: [ template_filter ] --START--
INFO: Run Behavior\ContentReplace [ RunTime:0.000000s ]
INFO: [ template_filter ] --END-- [ RunTime:0.000000s ]
INFO: Run Behavior\ParseTemplate [ RunTime:0.017578s ]
INFO: [ view_parse ] --END-- [ RunTime:0.017578s ]
INFO: [ view_filter ] --START--
INFO: Run Behavior\WriteHtmlCache [ RunTime:0.000977s ]
INFO: [ view_filter ] --END-- [ RunTime:0.000977s ]
INFO: [ app_end ] --START--
INFO: Run Behavior\ShowPageTrace [ RunTime:0.000000s ]
INFO: [ app_end ] --END-- [ RunTime:0.000000s ]

[ 2017-08-23T10:36:48+08:00 ] ::1 /gitkunl/kl/kuluncom/index.php/Review/index.html
INFO: [ app_begin ] --START--
INFO: Run Behavior\ReadHtmlCache [ RunTime:0.000000s ]
INFO: [ app_begin ] --END-- [ RunTime:0.000976s ]
NOTIC: [2] Missing argument 1 for I(), called in D:\phpStudy\WWW\gitkunl\kl\kuluncom\Kunlunadmin\Home\Controller\ReviewController.class.php on line 12 and defined D:\phpStudy\WWW\gitkunl\kl\kuluncom\ThinkPHP\Common\functions.php 第 220 行.
NOTIC: [8] Undefined variable: name D:\phpStudy\WWW\gitkunl\kl\kuluncom\ThinkPHP\Common\functions.php 第 221 行.
NOTIC: [8192] mysql_connect(): The mysql extension is deprecated and will be removed in the future: use mysqli or PDO instead D:\phpStudy\WWW\gitkunl\kl\kuluncom\ThinkPHP\Library\Think\Db\Driver\Mysql.class.php 第 52 行.
SQL: SHOW COLUMNS FROM `kl_common` [ RunTime:0.005859s ]
ERR: 1146:Table 'kunluns.kl_common' doesn't exist
 [ SQL语句 ] : SHOW COLUMNS FROM `kl_common`
SQL: SHOW COLUMNS FROM `kl_system` [ RunTime:0.005859s ]
NOTIC: [2] Invalid argument supplied for foreach() D:\phpStudy\WWW\gitkunl\kl\kuluncom\ThinkPHP\Library\Think\Db.class.php 第 425 行.
SQL: SELECT `id`,`name` FROM `kl_system`  [ RunTime:0.000000s ]
INFO: [ view_parse ] --START--
INFO: [ template_filter ] --START--
INFO: Run Behavior\ContentReplace [ RunTime:0.000000s ]
INFO: [ template_filter ] --END-- [ RunTime:0.000000s ]
INFO: Run Behavior\ParseTemplate [ RunTime:0.014649s ]
INFO: [ view_parse ] --END-- [ RunTime:0.014649s ]
INFO: [ view_filter ] --START--
INFO: Run Behavior\WriteHtmlCache [ RunTime:0.000976s ]
INFO: [ view_filter ] --END-- [ RunTime:0.000976s ]
INFO: [ app_end ] --START--
INFO: Run Behavior\ShowPageTrace [ RunTime:0.000000s ]
INFO: [ app_end ] --END-- [ RunTime:0.000000s ]

[ 2017-08-23T10:37:29+08:00 ] ::1 /gitkunl/kl/kuluncom/index.php/Review/index.html
INFO: [ app_begin ] --START--
INFO: Run Behavior\ReadHtmlCache [ RunTime:0.000976s ]
INFO: [ app_begin ] --END-- [ RunTime:0.000976s ]
NOTIC: [2] Missing argument 1 for I(), called in D:\phpStudy\WWW\gitkunl\kl\kuluncom\Kunlunadmin\Home\Controller\ReviewController.class.php on line 12 and defined D:\phpStudy\WWW\gitkunl\kl\kuluncom\ThinkPHP\Common\functions.php 第 220 行.
NOTIC: [8] Undefined variable: name D:\phpStudy\WWW\gitkunl\kl\kuluncom\ThinkPHP\Common\functions.php 第 221 行.
NOTIC: [8192] mysql_connect(): The mysql extension is deprecated and will be removed in the future: use mysqli or PDO instead D:\phpStudy\WWW\gitkunl\kl\kuluncom\ThinkPHP\Library\Think\Db\Driver\Mysql.class.php 第 52 行.
SQL: SHOW COLUMNS FROM `kl_common` [ RunTime:0.005860s ]
ERR: 1146:Table 'kunluns.kl_common' doesn't exist
 [ SQL语句 ] : SHOW COLUMNS FROM `kl_common`
SQL: SHOW COLUMNS FROM `kl_system` [ RunTime:0.005859s ]
NOTIC: [2] Invalid argument supplied for foreach() D:\phpStudy\WWW\gitkunl\kl\kuluncom\ThinkPHP\Library\Think\Db.class.php 第 425 行.
SQL: SELECT `id`,`name` FROM `kl_system`  [ RunTime:0.000000s ]
INFO: [ view_parse ] --START--
INFO: [ template_filter ] --START--
INFO: Run Behavior\ContentReplace [ RunTime:0.000000s ]
INFO: [ template_filter ] --END-- [ RunTime:0.000000s ]
INFO: Run Behavior\ParseTemplate [ RunTime:0.012695s ]
INFO: [ view_parse ] --END-- [ RunTime:0.012695s ]
INFO: [ view_filter ] --START--
INFO: Run Behavior\WriteHtmlCache [ RunTime:0.000000s ]
INFO: [ view_filter ] --END-- [ RunTime:0.000000s ]
INFO: [ app_end ] --START--
INFO: Run Behavior\ShowPageTrace [ RunTime:0.000000s ]
INFO: [ app_end ] --END-- [ RunTime:0.000000s ]

[ 2017-08-23T10:39:54+08:00 ] ::1 /gitkunl/kl/kuluncom/index.php/Review/index.html
INFO: [ app_begin ] --START--
INFO: Run Behavior\ReadHtmlCache [ RunTime:0.000976s ]
INFO: [ app_begin ] --END-- [ RunTime:0.000976s ]
NOTIC: [2] Missing argument 1 for I(), called in D:\phpStudy\WWW\gitkunl\kl\kuluncom\Kunlunadmin\Home\Controller\ReviewController.class.php on line 12 and defined D:\phpStudy\WWW\gitkunl\kl\kuluncom\ThinkPHP\Common\functions.php 第 220 行.
NOTIC: [8] Undefined variable: name D:\phpStudy\WWW\gitkunl\kl\kuluncom\ThinkPHP\Common\functions.php 第 221 行.
NOTIC: [8192] mysql_connect(): The mysql extension is deprecated and will be removed in the future: use mysqli or PDO instead D:\phpStudy\WWW\gitkunl\kl\kuluncom\ThinkPHP\Library\Think\Db\Driver\Mysql.class.php 第 52 行.
SQL: SHOW COLUMNS FROM `kl_common` [ RunTime:0.003906s ]
ERR: 1146:Table 'kunluns.kl_common' doesn't exist
 [ SQL语句 ] : SHOW COLUMNS FROM `kl_common`
SQL: SHOW COLUMNS FROM `kl_system` [ RunTime:0.003906s ]
NOTIC: [2] Invalid argument supplied for foreach() D:\phpStudy\WWW\gitkunl\kl\kuluncom\ThinkPHP\Library\Think\Db.class.php 第 425 行.
SQL: SELECT `id`,`name` FROM `kl_system`  [ RunTime:0.000000s ]
INFO: [ view_parse ] --START--
INFO: [ template_filter ] --START--
INFO: Run Behavior\ContentReplace [ RunTime:0.000000s ]
INFO: [ template_filter ] --END-- [ RunTime:0.000000s ]
INFO: Run Behavior\ParseTemplate [ RunTime:0.014648s ]
INFO: [ view_parse ] --END-- [ RunTime:0.014648s ]
INFO: [ view_filter ] --START--
INFO: Run Behavior\WriteHtmlCache [ RunTime:0.000000s ]
INFO: [ view_filter ] --END-- [ RunTime:0.000000s ]
INFO: [ app_end ] --START--
INFO: Run Behavior\ShowPageTrace [ RunTime:0.000000s ]
INFO: [ app_end ] --END-- [ RunTime:0.000000s ]

