[ 2017-08-20T22:26:48+08:00 ] ::1 /kl/kl/kuluncom/
INFO: [ app_begin ] --START--
INFO: Run Behavior\ReadHtmlCache [ RunTime:0.001315s ]
INFO: [ app_begin ] --END-- [ RunTime:0.002790s ]
INFO: [ view_parse ] --START--
INFO: [ template_filter ] --START--
INFO: Run Behavior\ContentReplace [ RunTime:0.000046s ]
INFO: [ template_filter ] --END-- [ RunTime:0.000137s ]
INFO: Run Behavior\ParseTemplate [ RunTime:0.022132s ]
INFO: [ view_parse ] --END-- [ RunTime:0.022222s ]
INFO: [ view_filter ] --START--
INFO: Run Behavior\WriteHtmlCache [ RunTime:0.000482s ]
INFO: [ view_filter ] --END-- [ RunTime:0.000521s ]
INFO: [ app_end ] --START--
INFO: Run Behavior\ShowPageTrace [ RunTime:0.000704s ]
INFO: [ app_end ] --END-- [ RunTime:0.000742s ]

[ 2017-08-20T22:27:10+08:00 ] ::1 /kl/kl/kuluncom/index.php/Home/Login/login.html
INFO: [ app_begin ] --START--
INFO: Run Behavior\ReadHtmlCache [ RunTime:0.000770s ]
INFO: [ app_begin ] --END-- [ RunTime:0.001552s ]
NOTIC: [2] Missing argument 1 for I(), called in D:\WWW\kl\kl\kuluncom\Application\Home\Controller\LoginController.class.php on line 11 and defined D:\WWW\kl\kl\kuluncom\ThinkPHP\Common\functions.php Á¨¨ 220 Ë°å.
NOTIC: [8] Undefined variable: name D:\WWW\kl\kl\kuluncom\ThinkPHP\Common\functions.php Á¨¨ 221 Ë°å.
NOTIC: [8192] mysql_connect(): The mysql extension is deprecated and will be removed in the future: use mysqli or PDO instead D:\WWW\kl\kl\kuluncom\ThinkPHP\Library\Think\Db\Driver\Mysql.class.php Á¨¨ 52 Ë°å.
SQL: SHOW COLUMNS FROM `kl_common` [ RunTime:0.013633s ]
ERR: 1146:Table 'kunluns.kl_common' doesn't exist
 [ SQLËØ≠Âè• ] : SHOW COLUMNS FROM `kl_common`
SQL: SHOW COLUMNS FROM `kl_admin_user` [ RunTime:0.015272s ]
SQL: SELECT `u_id` FROM `kl_admin_user` WHERE ( `number` = '13361205810' ) LIMIT 1   [ RunTime:0.000939s ]

[ 2017-08-20T22:27:11+08:00 ] ::1 /kl/kl/kuluncom/index.php/Home/Index/index.html
INFO: [ app_begin ] --START--
INFO: Run Behavior\ReadHtmlCache [ RunTime:0.001041s ]
INFO: [ app_begin ] --END-- [ RunTime:0.001931s ]
INFO: [ view_parse ] --START--
INFO: [ template_filter ] --START--
INFO: Run Behavior\ContentReplace [ RunTime:0.000245s ]
INFO: [ template_filter ] --END-- [ RunTime:0.000361s ]
INFO: Run Behavior\ParseTemplate [ RunTime:0.036380s ]
INFO: [ view_parse ] --END-- [ RunTime:0.036434s ]
INFO: [ view_filter ] --START--
INFO: Run Behavior\WriteHtmlCache [ RunTime:0.000411s ]
INFO: [ view_filter ] --END-- [ RunTime:0.000447s ]
INFO: [ app_end ] --START--
INFO: Run Behavior\ShowPageTrace [ RunTime:0.000694s ]
INFO: [ app_end ] --END-- [ RunTime:0.000762s ]

[ 2017-08-20T22:27:38+08:00 ] ::1 /kl/kl/kuluncom/index.php/Home/Strategy/index.html
INFO: [ app_begin ] --START--
INFO: Run Behavior\ReadHtmlCache [ RunTime:0.000755s ]
INFO: [ app_begin ] --END-- [ RunTime:0.001464s ]
NOTIC: [8192] mysql_connect(): The mysql extension is deprecated and will be removed in the future: use mysqli or PDO instead D:\WWW\kl\kl\kuluncom\ThinkPHP\Library\Think\Db\Driver\Mysql.class.php Á¨¨ 52 Ë°å.
SQL: SHOW COLUMNS FROM `kl_common` [ RunTime:0.008963s ]
ERR: 1146:Table 'kunluns.kl_common' doesn't exist
 [ SQLËØ≠Âè• ] : SHOW COLUMNS FROM `kl_common`
SQL: SHOW COLUMNS FROM `kl_viewpoint` [ RunTime:0.007024s ]
NOTIC: [2] Invalid argument supplied for foreach() D:\WWW\kl\kl\kuluncom\ThinkPHP\Library\Think\Db.class.php Á¨¨ 425 Ë°å.
SQL: SELECT `id`,`name` FROM `kl_viewpoint`  [ RunTime:0.000457s ]
INFO: [ view_parse ] --START--
INFO: [ template_filter ] --START--
INFO: Run Behavior\ContentReplace [ RunTime:0.000222s ]
INFO: [ template_filter ] --END-- [ RunTime:0.000289s ]
INFO: Run Behavior\ParseTemplate [ RunTime:0.020056s ]
INFO: [ view_parse ] --END-- [ RunTime:0.020120s ]
INFO: [ view_filter ] --START--
INFO: Run Behavior\WriteHtmlCache [ RunTime:0.000409s ]
INFO: [ view_filter ] --END-- [ RunTime:0.000460s ]
INFO: [ app_end ] --START--
INFO: Run Behavior\ShowPageTrace [ RunTime:0.000782s ]
INFO: [ app_end ] --END-- [ RunTime:0.000842s ]

[ 2017-08-20T22:28:36+08:00 ] ::1 /kl/kl/kuluncom/index.php/Home/Power/rolelist.html
INFO: [ app_begin ] --START--
INFO: Run Behavior\ReadHtmlCache [ RunTime:0.000853s ]
INFO: [ app_begin ] --END-- [ RunTime:0.002162s ]
INFO: [ view_parse ] --START--
INFO: [ template_filter ] --START--
INFO: Run Behavior\ContentReplace [ RunTime:0.000442s ]
INFO: [ template_filter ] --END-- [ RunTime:0.000529s ]
INFO: Run Behavior\ParseTemplate [ RunTime:0.044666s ]
INFO: [ view_parse ] --END-- [ RunTime:0.044783s ]
INFO: [ view_filter ] --START--
INFO: Run Behavior\WriteHtmlCache [ RunTime:0.000543s ]
INFO: [ view_filter ] --END-- [ RunTime:0.000596s ]
INFO: [ app_end ] --START--
INFO: Run Behavior\ShowPageTrace [ RunTime:0.000978s ]
INFO: [ app_end ] --END-- [ RunTime:0.001069s ]

[ 2017-08-20T22:28:49+08:00 ] ::1 /kl/kl/kuluncom/index.php/Home/Power/index.html
INFO: [ app_begin ] --START--
INFO: Run Behavior\ReadHtmlCache [ RunTime:0.000845s ]
INFO: [ app_begin ] --END-- [ RunTime:0.001557s ]
INFO: [ view_parse ] --START--
INFO: [ template_filter ] --START--
INFO: Run Behavior\ContentReplace [ RunTime:0.000124s ]
INFO: [ template_filter ] --END-- [ RunTime:0.000175s ]
INFO: Run Behavior\ParseTemplate [ RunTime:0.012458s ]
INFO: [ view_parse ] --END-- [ RunTime:0.012522s ]
INFO: [ view_filter ] --START--
INFO: Run Behavior\WriteHtmlCache [ RunTime:0.000397s ]
INFO: [ view_filter ] --END-- [ RunTime:0.000443s ]
INFO: [ app_end ] --START--
INFO: Run Behavior\ShowPageTrace [ RunTime:0.000779s ]
INFO: [ app_end ] --END-- [ RunTime:0.000839s ]

[ 2017-08-20T22:28:55+08:00 ] ::1 /kl/kl/kuluncom/index.php/Home/Power/rolelist.html
INFO: [ app_begin ] --START--
INFO: Run Behavior\ReadHtmlCache [ RunTime:0.000623s ]
INFO: [ app_begin ] --END-- [ RunTime:0.001153s ]
INFO: [ view_parse ] --START--
INFO: [ template_filter ] --START--
INFO: Run Behavior\ContentReplace [ RunTime:0.000300s ]
INFO: [ template_filter ] --END-- [ RunTime:0.000393s ]
INFO: Run Behavior\ParseTemplate [ RunTime:0.016821s ]
INFO: [ view_parse ] --END-- [ RunTime:0.017065s ]
INFO: [ view_filter ] --START--
INFO: Run Behavior\WriteHtmlCache [ RunTime:0.000631s ]
INFO: [ view_filter ] --END-- [ RunTime:0.000705s ]
INFO: [ app_end ] --START--
INFO: Run Behavior\ShowPageTrace [ RunTime:0.001059s ]
INFO: [ app_end ] --END-- [ RunTime:0.001163s ]

[ 2017-08-20T22:29:04+08:00 ] ::1 /kl/kl/kuluncom/index.php/Home/Power/buttons.html
INFO: [ app_begin ] --START--
INFO: Run Behavior\ReadHtmlCache [ RunTime:0.001224s ]
INFO: [ app_begin ] --END-- [ RunTime:0.001924s ]
ERR: ÈùûÊ≥ïÊìç‰Ωú:buttons

[ 2017-08-20T22:29:18+08:00 ] ::1 /kl/kl/kuluncom/index.php/Home/Strategy/index.html
INFO: [ app_begin ] --START--
INFO: Run Behavior\ReadHtmlCache [ RunTime:0.000545s ]
INFO: [ app_begin ] --END-- [ RunTime:0.001063s ]
NOTIC: [8192] mysql_connect(): The mysql extension is deprecated and will be removed in the future: use mysqli or PDO instead D:\WWW\kl\kl\kuluncom\ThinkPHP\Library\Think\Db\Driver\Mysql.class.php Á¨¨ 52 Ë°å.
SQL: SHOW COLUMNS FROM `kl_common` [ RunTime:0.005830s ]
ERR: 1146:Table 'kunluns.kl_common' doesn't exist
 [ SQLËØ≠Âè• ] : SHOW COLUMNS FROM `kl_common`
SQL: SHOW COLUMNS FROM `kl_viewpoint` [ RunTime:0.005231s ]
NOTIC: [2] Invalid argument supplied for foreach() D:\WWW\kl\kl\kuluncom\ThinkPHP\Library\Think\Db.class.php Á¨¨ 425 Ë°å.
SQL: SELECT `id`,`name` FROM `kl_viewpoint`  [ RunTime:0.000340s ]
INFO: [ view_parse ] --START--
INFO: [ template_filter ] --START--
INFO: Run Behavior\ContentReplace [ RunTime:0.000179s ]
INFO: [ template_filter ] --END-- [ RunTime:0.000239s ]
INFO: Run Behavior\ParseTemplate [ RunTime:0.013767s ]
INFO: [ view_parse ] --END-- [ RunTime:0.013825s ]
INFO: [ view_filter ] --START--
INFO: Run Behavior\WriteHtmlCache [ RunTime:0.000408s ]
INFO: [ view_filter ] --END-- [ RunTime:0.000458s ]
INFO: [ app_end ] --START--
INFO: Run Behavior\ShowPageTrace [ RunTime:0.000682s ]
INFO: [ app_end ] --END-- [ RunTime:0.000742s ]

[ 2017-08-20T22:29:21+08:00 ] ::1 /kl/kl/kuluncom/index.php/Home/Power/rolelist.html
INFO: [ app_begin ] --START--
INFO: Run Behavior\ReadHtmlCache [ RunTime:0.000679s ]
INFO: [ app_begin ] --END-- [ RunTime:0.001228s ]
INFO: [ view_parse ] --START--
INFO: [ template_filter ] --START--
INFO: Run Behavior\ContentReplace [ RunTime:0.000263s ]
INFO: [ template_filter ] --END-- [ RunTime:0.000340s ]
INFO: Run Behavior\ParseTemplate [ RunTime:0.020848s ]
INFO: [ view_parse ] --END-- [ RunTime:0.020951s ]
INFO: [ view_filter ] --START--
INFO: Run Behavior\WriteHtmlCache [ RunTime:0.000411s ]
INFO: [ view_filter ] --END-- [ RunTime:0.000450s ]
INFO: [ app_end ] --START--
INFO: Run Behavior\ShowPageTrace [ RunTime:0.000840s ]
INFO: [ app_end ] --END-- [ RunTime:0.000925s ]

[ 2017-08-20T22:29:59+08:00 ] ::1 /kl/kl/kuluncom/index.php/Home/Index/index.html
INFO: [ app_begin ] --START--
INFO: Run Behavior\ReadHtmlCache [ RunTime:0.000584s ]
INFO: [ app_begin ] --END-- [ RunTime:0.001132s ]
INFO: [ view_parse ] --START--
INFO: [ template_filter ] --START--
INFO: Run Behavior\ContentReplace [ RunTime:0.000137s ]
INFO: [ template_filter ] --END-- [ RunTime:0.000207s ]
INFO: Run Behavior\ParseTemplate [ RunTime:0.011958s ]
INFO: [ view_parse ] --END-- [ RunTime:0.012017s ]
INFO: [ view_filter ] --START--
INFO: Run Behavior\WriteHtmlCache [ RunTime:0.000457s ]
INFO: [ view_filter ] --END-- [ RunTime:0.000500s ]
INFO: [ app_end ] --START--
INFO: Run Behavior\ShowPageTrace [ RunTime:0.000691s ]
INFO: [ app_end ] --END-- [ RunTime:0.000752s ]

[ 2017-08-20T22:30:06+08:00 ] ::1 /kl/kl/kuluncom/index.php/Web/Index/index.html
INFO: [ app_begin ] --START--
INFO: Run Behavior\ReadHtmlCache [ RunTime:0.000680s ]
INFO: [ app_begin ] --END-- [ RunTime:0.001235s ]
INFO: [ view_parse ] --START--
INFO: [ template_filter ] --START--
INFO: Run Behavior\ContentReplace [ RunTime:0.000151s ]
INFO: [ template_filter ] --END-- [ RunTime:0.000219s ]
INFO: Run Behavior\ParseTemplate [ RunTime:0.010344s ]
INFO: [ view_parse ] --END-- [ RunTime:0.010403s ]
INFO: [ view_filter ] --START--
INFO: Run Behavior\WriteHtmlCache [ RunTime:0.000403s ]
INFO: [ view_filter ] --END-- [ RunTime:0.000440s ]
INFO: [ app_end ] --START--
INFO: Run Behavior\ShowPageTrace [ RunTime:0.000698s ]
INFO: [ app_end ] --END-- [ RunTime:0.000752s ]

[ 2017-08-20T22:31:08+08:00 ] ::1 /kl/kl/kuluncom/index.php/Web/Index/index.html
INFO: [ app_begin ] --START--
INFO: Run Behavior\ReadHtmlCache [ RunTime:0.000664s ]
INFO: [ app_begin ] --END-- [ RunTime:0.001273s ]
INFO: [ view_parse ] --START--
INFO: [ template_filter ] --START--
INFO: Run Behavior\ContentReplace [ RunTime:0.000105s ]
INFO: [ template_filter ] --END-- [ RunTime:0.000175s ]
INFO: Run Behavior\ParseTemplate [ RunTime:0.008645s ]
INFO: [ view_parse ] --END-- [ RunTime:0.008714s ]
INFO: [ view_filter ] --START--
INFO: Run Behavior\WriteHtmlCache [ RunTime:0.000475s ]
INFO: [ view_filter ] --END-- [ RunTime:0.000521s ]
INFO: [ app_end ] --START--
INFO: Run Behavior\ShowPageTrace [ RunTime:0.000738s ]
INFO: [ app_end ] --END-- [ RunTime:0.000797s ]

[ 2017-08-20T22:31:09+08:00 ] ::1 /kl/kl/kuluncom/index.php/Web/Index/index.html
INFO: [ app_begin ] --START--
INFO: Run Behavior\ReadHtmlCache [ RunTime:0.000570s ]
INFO: [ app_begin ] --END-- [ RunTime:0.001140s ]
INFO: [ view_parse ] --START--
INFO: [ template_filter ] --START--
INFO: Run Behavior\ContentReplace [ RunTime:0.000156s ]
INFO: [ template_filter ] --END-- [ RunTime:0.000263s ]
INFO: Run Behavior\ParseTemplate [ RunTime:0.008623s ]
INFO: [ view_parse ] --END-- [ RunTime:0.008688s ]
INFO: [ view_filter ] --START--
INFO: Run Behavior\WriteHtmlCache [ RunTime:0.000394s ]
INFO: [ view_filter ] --END-- [ RunTime:0.000443s ]
INFO: [ app_end ] --START--
INFO: Run Behavior\ShowPageTrace [ RunTime:0.000716s ]
INFO: [ app_end ] --END-- [ RunTime:0.000772s ]

[ 2017-08-20T22:31:09+08:00 ] ::1 /kl/kl/kuluncom/index.php/Web/Index/index.html
INFO: [ app_begin ] --START--
INFO: Run Behavior\ReadHtmlCache [ RunTime:0.000624s ]
INFO: [ app_begin ] --END-- [ RunTime:0.001174s ]
INFO: [ view_parse ] --START--
INFO: [ template_filter ] --START--
INFO: Run Behavior\ContentReplace [ RunTime:0.000090s ]
INFO: [ template_filter ] --END-- [ RunTime:0.000146s ]
INFO: Run Behavior\ParseTemplate [ RunTime:0.007964s ]
INFO: [ view_parse ] --END-- [ RunTime:0.008013s ]
INFO: [ view_filter ] --START--
INFO: Run Behavior\WriteHtmlCache [ RunTime:0.000413s ]
INFO: [ view_filter ] --END-- [ RunTime:0.000449s ]
INFO: [ app_end ] --START--
INFO: Run Behavior\ShowPageTrace [ RunTime:0.000656s ]
INFO: [ app_end ] --END-- [ RunTime:0.000705s ]

[ 2017-08-20T22:31:12+08:00 ] ::1 /kl/kl/kuluncom/index.php/Web/Index/%E9%87%91%E7%89%8C%E8%AE%B2%E5%B8%88.html
INFO: [ app_begin ] --START--
INFO: Run Behavior\ReadHtmlCache [ RunTime:0.000619s ]
INFO: [ app_begin ] --END-- [ RunTime:0.001231s ]
ERR: ÈùûÊ≥ïÊìç‰Ωú:ÈáëÁâåËÆ≤Â∏à

[ 2017-08-20T22:31:57+08:00 ] ::1 /kl/kl/kuluncom/index.php/Home/Index/index.html
INFO: [ app_begin ] --START--
INFO: Run Behavior\ReadHtmlCache [ RunTime:0.000570s ]
INFO: [ app_begin ] --END-- [ RunTime:0.001097s ]
INFO: [ view_parse ] --START--
INFO: [ template_filter ] --START--
INFO: Run Behavior\ContentReplace [ RunTime:0.000115s ]
INFO: [ template_filter ] --END-- [ RunTime:0.000167s ]
INFO: Run Behavior\ParseTemplate [ RunTime:0.011704s ]
INFO: [ view_parse ] --END-- [ RunTime:0.011760s ]
INFO: [ view_filter ] --START--
INFO: Run Behavior\WriteHtmlCache [ RunTime:0.000420s ]
INFO: [ view_filter ] --END-- [ RunTime:0.000456s ]
INFO: [ app_end ] --START--
INFO: Run Behavior\ShowPageTrace [ RunTime:0.000731s ]
INFO: [ app_end ] --END-- [ RunTime:0.000788s ]

[ 2017-08-20T22:32:36+08:00 ] ::1 /kl/kl/kuluncom/index.php/Home/Site/chief.html
INFO: [ app_begin ] --START--
INFO: Run Behavior\ReadHtmlCache [ RunTime:0.000604s ]
INFO: [ app_begin ] --END-- [ RunTime:0.001144s ]
NOTIC: [2] Missing argument 1 for I(), called in D:\WWW\kl\kl\kuluncom\Application\Home\Controller\SiteController.class.php on line 30 and defined D:\WWW\kl\kl\kuluncom\ThinkPHP\Common\functions.php Á¨¨ 220 Ë°å.
NOTIC: [8] Undefined variable: name D:\WWW\kl\kl\kuluncom\ThinkPHP\Common\functions.php Á¨¨ 221 Ë°å.
NOTIC: [8192] mysql_connect(): The mysql extension is deprecated and will be removed in the future: use mysqli or PDO instead D:\WWW\kl\kl\kuluncom\ThinkPHP\Library\Think\Db\Driver\Mysql.class.php Á¨¨ 52 Ë°å.
SQL: SHOW COLUMNS FROM `kl_common` [ RunTime:0.009314s ]
ERR: 1146:Table 'kunluns.kl_common' doesn't exist
 [ SQLËØ≠Âè• ] : SHOW COLUMNS FROM `kl_common`
SQL: SHOW COLUMNS FROM `kl_admin_user` [ RunTime:0.009729s ]
NOTIC: [2] Invalid argument supplied for foreach() D:\WWW\kl\kl\kuluncom\ThinkPHP\Library\Think\Db.class.php Á¨¨ 425 Ë°å.
SQL: SELECT `u_id`,`nickname` FROM `kl_admin_user`  [ RunTime:0.000523s ]
INFO: [ view_parse ] --START--
INFO: [ template_filter ] --START--
INFO: Run Behavior\ContentReplace [ RunTime:0.000198s ]
INFO: [ template_filter ] --END-- [ RunTime:0.000260s ]
INFO: Run Behavior\ParseTemplate [ RunTime:0.018852s ]
INFO: [ view_parse ] --END-- [ RunTime:0.018927s ]
INFO: [ view_filter ] --START--
INFO: Run Behavior\WriteHtmlCache [ RunTime:0.000424s ]
INFO: [ view_filter ] --END-- [ RunTime:0.000462s ]
INFO: [ app_end ] --START--
INFO: Run Behavior\ShowPageTrace [ RunTime:0.000754s ]
INFO: [ app_end ] --END-- [ RunTime:0.000810s ]

[ 2017-08-20T22:36:33+08:00 ] ::1 /kl/kl/kuluncom/index.php/Home/Site/chief.html
INFO: [ app_begin ] --START--
INFO: Run Behavior\ReadHtmlCache [ RunTime:0.000681s ]
INFO: [ app_begin ] --END-- [ RunTime:0.001306s ]
NOTIC: [2] Missing argument 1 for I(), called in D:\WWW\kl\kl\kuluncom\Application\Home\Controller\SiteController.class.php on line 30 and defined D:\WWW\kl\kl\kuluncom\ThinkPHP\Common\functions.php Á¨¨ 220 Ë°å.
NOTIC: [8] Undefined variable: name D:\WWW\kl\kl\kuluncom\ThinkPHP\Common\functions.php Á¨¨ 221 Ë°å.
NOTIC: [8192] mysql_connect(): The mysql extension is deprecated and will be removed in the future: use mysqli or PDO instead D:\WWW\kl\kl\kuluncom\ThinkPHP\Library\Think\Db\Driver\Mysql.class.php Á¨¨ 52 Ë°å.
SQL: SHOW COLUMNS FROM `kl_common` [ RunTime:0.025258s ]
ERR: 1146:Table 'kunluns.kl_common' doesn't exist
 [ SQLËØ≠Âè• ] : SHOW COLUMNS FROM `kl_common`
NOTIC: [2] call_user_func() expects parameter 1 to be a valid callback, no array or string given D:\WWW\kl\kl\kuluncom\ThinkPHP\Library\Think\Upload.class.php Á¨¨ 167 Ë°å.
SQL: SHOW COLUMNS FROM `kl_chief` [ RunTime:0.009107s ]
SQL: INSERT INTO `kl_chief` (`reason`,`u_id`,`position`,`is_show`,`cover_img`) VALUES ('ÊàëÊÄé‰πàÁü•ÈÅìÂï\ä',4,'1','1','Uploads/Public/cover_img/2017-08-20/59999e714ea20.jpg') [ RunTime:0.000692s ]
INFO: [ app_end ] --START--
INFO: Run Behavior\ShowPageTrace [ RunTime:0.001684s ]
INFO: [ app_end ] --END-- [ RunTime:0.001789s ]

[ 2017-08-20T22:37:14+08:00 ] ::1 /kl/kl/kuluncom/index.php/Home/Strategy/index.html
INFO: [ app_begin ] --START--
INFO: Run Behavior\ReadHtmlCache [ RunTime:0.000891s ]
INFO: [ app_begin ] --END-- [ RunTime:0.001519s ]
NOTIC: [8192] mysql_connect(): The mysql extension is deprecated and will be removed in the future: use mysqli or PDO instead D:\WWW\kl\kl\kuluncom\ThinkPHP\Library\Think\Db\Driver\Mysql.class.php Á¨¨ 52 Ë°å.
SQL: SHOW COLUMNS FROM `kl_common` [ RunTime:0.012048s ]
ERR: 1146:Table 'kunluns.kl_common' doesn't exist
 [ SQLËØ≠Âè• ] : SHOW COLUMNS FROM `kl_common`
SQL: SHOW COLUMNS FROM `kl_viewpoint` [ RunTime:0.012701s ]
NOTIC: [2] Invalid argument supplied for foreach() D:\WWW\kl\kl\kuluncom\ThinkPHP\Library\Think\Db.class.php Á¨¨ 425 Ë°å.
SQL: SELECT `id`,`name` FROM `kl_viewpoint`  [ RunTime:0.000702s ]
INFO: [ view_parse ] --START--
INFO: [ template_filter ] --START--
INFO: Run Behavior\ContentReplace [ RunTime:0.000126s ]
INFO: [ template_filter ] --END-- [ RunTime:0.000173s ]
INFO: Run Behavior\ParseTemplate [ RunTime:0.049767s ]
INFO: [ view_parse ] --END-- [ RunTime:0.049859s ]
INFO: [ view_filter ] --START--
INFO: Run Behavior\WriteHtmlCache [ RunTime:0.000554s ]
INFO: [ view_filter ] --END-- [ RunTime:0.000598s ]
INFO: [ app_end ] --START--
INFO: Run Behavior\ShowPageTrace [ RunTime:0.000723s ]
INFO: [ app_end ] --END-- [ RunTime:0.000793s ]

[ 2017-08-20T22:37:45+08:00 ] ::1 /kl/kl/kuluncom/index.php/Home/Index/index.html
INFO: [ app_begin ] --START--
INFO: Run Behavior\ReadHtmlCache [ RunTime:0.000631s ]
INFO: [ app_begin ] --END-- [ RunTime:0.001168s ]
INFO: [ view_parse ] --START--
INFO: [ template_filter ] --START--
INFO: Run Behavior\ContentReplace [ RunTime:0.000206s ]
INFO: [ template_filter ] --END-- [ RunTime:0.000301s ]
INFO: Run Behavior\ParseTemplate [ RunTime:0.014854s ]
INFO: [ view_parse ] --END-- [ RunTime:0.014924s ]
INFO: [ view_filter ] --START--
INFO: Run Behavior\WriteHtmlCache [ RunTime:0.000517s ]
INFO: [ view_filter ] --END-- [ RunTime:0.000561s ]
INFO: [ app_end ] --START--
INFO: Run Behavior\ShowPageTrace [ RunTime:0.000762s ]
INFO: [ app_end ] --END-- [ RunTime:0.000844s ]

[ 2017-08-20T22:37:56+08:00 ] ::1 /kl/kl/kuluncom/index.php/Web/Index/index.html
INFO: [ app_begin ] --START--
INFO: Run Behavior\ReadHtmlCache [ RunTime:0.000820s ]
INFO: [ app_begin ] --END-- [ RunTime:0.001394s ]
INFO: [ view_parse ] --START--
INFO: [ template_filter ] --START--
INFO: Run Behavior\ContentReplace [ RunTime:0.000113s ]
INFO: [ template_filter ] --END-- [ RunTime:0.000183s ]
INFO: Run Behavior\ParseTemplate [ RunTime:0.012434s ]
INFO: [ view_parse ] --END-- [ RunTime:0.012510s ]
INFO: [ view_filter ] --START--
INFO: Run Behavior\WriteHtmlCache [ RunTime:0.000477s ]
INFO: [ view_filter ] --END-- [ RunTime:0.000525s ]
INFO: [ app_end ] --START--
INFO: Run Behavior\ShowPageTrace [ RunTime:0.000705s ]
INFO: [ app_end ] --END-- [ RunTime:0.000769s ]

[ 2017-08-20T22:40:47+08:00 ] ::1 /kl/kl/kuluncom/index.php/Home/Power/rolelist.html
INFO: [ app_begin ] --START--
INFO: Run Behavior\ReadHtmlCache [ RunTime:0.000683s ]
INFO: [ app_begin ] --END-- [ RunTime:0.001255s ]
INFO: [ view_parse ] --START--
INFO: [ template_filter ] --START--
INFO: Run Behavior\ContentReplace [ RunTime:0.000349s ]
INFO: [ template_filter ] --END-- [ RunTime:0.000406s ]
INFO: Run Behavior\ParseTemplate [ RunTime:0.014896s ]
INFO: [ view_parse ] --END-- [ RunTime:0.014966s ]
INFO: [ view_filter ] --START--
INFO: Run Behavior\WriteHtmlCache [ RunTime:0.000530s ]
INFO: [ view_filter ] --END-- [ RunTime:0.000566s ]
INFO: [ app_end ] --START--
INFO: Run Behavior\ShowPageTrace [ RunTime:0.000771s ]
INFO: [ app_end ] --END-- [ RunTime:0.000828s ]

[ 2017-08-20T22:41:00+08:00 ] ::1 /kl/kl/kuluncom/index.php/Home/Lecturer/index.html
INFO: [ app_begin ] --START--
INFO: Run Behavior\ReadHtmlCache [ RunTime:0.000791s ]
INFO: [ app_begin ] --END-- [ RunTime:0.001312s ]
NOTIC: [8192] mysql_connect(): The mysql extension is deprecated and will be removed in the future: use mysqli or PDO instead D:\WWW\kl\kl\kuluncom\ThinkPHP\Library\Think\Db\Driver\Mysql.class.php Á¨¨ 52 Ë°å.
SQL: SHOW COLUMNS FROM `kl_common` [ RunTime:0.014319s ]
ERR: 1146:Table 'kunluns.kl_common' doesn't exist
 [ SQLËØ≠Âè• ] : SHOW COLUMNS FROM `kl_common`
SQL: SHOW COLUMNS FROM `kl_admin_user` [ RunTime:0.013612s ]
SQL: SELECT `u_id`,`labe`,`nickname`,`number`,`password`,`address`,`describe`,`addtime`,`adduser`,`openid`,`card`,`mechanism`,`head_img`,`img_field`,`u_sex`,`Industry_time`,`autograph`,`age` FROM `kl_admin_user` WHERE ( `u_id` = 4 ) LIMIT 1   [ RunTime:0.000750s ]
SQL: SHOW COLUMNS FROM `kl_label` [ RunTime:0.008214s ]
SQL: SELECT `id`,`name` FROM `kl_label` WHERE ( `id` IN ('1','2','3') )  [ RunTime:0.000632s ]
INFO: [ view_parse ] --START--
INFO: [ template_filter ] --START--
INFO: Run Behavior\ContentReplace [ RunTime:0.000291s ]
INFO: [ template_filter ] --END-- [ RunTime:0.000401s ]
INFO: Run Behavior\ParseTemplate [ RunTime:0.019616s ]
INFO: [ view_parse ] --END-- [ RunTime:0.019709s ]
INFO: [ view_filter ] --START--
INFO: Run Behavior\WriteHtmlCache [ RunTime:0.000392s ]
INFO: [ view_filter ] --END-- [ RunTime:0.000429s ]
INFO: [ app_end ] --START--
INFO: Run Behavior\ShowPageTrace [ RunTime:0.000714s ]
INFO: [ app_end ] --END-- [ RunTime:0.000779s ]

[ 2017-08-20T22:41:05+08:00 ] ::1 /kl/kl/kuluncom/index.php/Home/Lecturer/edit.html
INFO: [ app_begin ] --START--
INFO: Run Behavior\ReadHtmlCache [ RunTime:0.000692s ]
INFO: [ app_begin ] --END-- [ RunTime:0.001160s ]
NOTIC: [2] Missing argument 1 for I(), called in D:\WWW\kl\kl\kuluncom\Application\Home\Controller\LecturerController.class.php on line 29 and defined D:\WWW\kl\kl\kuluncom\ThinkPHP\Common\functions.php Á¨¨ 220 Ë°å.
NOTIC: [8] Undefined variable: name D:\WWW\kl\kl\kuluncom\ThinkPHP\Common\functions.php Á¨¨ 221 Ë°å.
NOTIC: [8192] mysql_connect(): The mysql extension is deprecated and will be removed in the future: use mysqli or PDO instead D:\WWW\kl\kl\kuluncom\ThinkPHP\Library\Think\Db\Driver\Mysql.class.php Á¨¨ 52 Ë°å.
SQL: SHOW COLUMNS FROM `kl_common` [ RunTime:0.013681s ]
ERR: 1146:Table 'kunluns.kl_common' doesn't exist
 [ SQLËØ≠Âè• ] : SHOW COLUMNS FROM `kl_common`
SQL: SHOW COLUMNS FROM `kl_label` [ RunTime:0.013269s ]
NOTIC: [2] Invalid argument supplied for foreach() D:\WWW\kl\kl\kuluncom\ThinkPHP\Library\Think\Db.class.php Á¨¨ 425 Ë°å.
SQL: SELECT `id`,`name` FROM `kl_label`  [ RunTime:0.000790s ]
SQL: SHOW COLUMNS FROM `kl_admin_user` [ RunTime:0.016434s ]
SQL: SELECT `u_id`,`labe`,`nickname`,`number`,`password`,`address`,`describe`,`addtime`,`adduser`,`openid`,`card`,`mechanism`,`head_img`,`img_field`,`u_sex`,`Industry_time`,`autograph`,`age` FROM `kl_admin_user` WHERE ( `u_id` = 4 ) LIMIT 1   [ RunTime:0.001096s ]
INFO: [ view_parse ] --START--
INFO: [ template_filter ] --START--
INFO: Run Behavior\ContentReplace [ RunTime:0.000495s ]
INFO: [ template_filter ] --END-- [ RunTime:0.000659s ]
INFO: Run Behavior\ParseTemplate [ RunTime:0.066687s ]
INFO: [ view_parse ] --END-- [ RunTime:0.066844s ]
INFO: [ view_filter ] --START--
INFO: Run Behavior\WriteHtmlCache [ RunTime:0.000965s ]
INFO: [ view_filter ] --END-- [ RunTime:0.001062s ]
INFO: [ app_end ] --START--
INFO: Run Behavior\ShowPageTrace [ RunTime:0.001400s ]
INFO: [ app_end ] --END-- [ RunTime:0.001539s ]

[ 2017-08-20T22:41:53+08:00 ] ::1 /kl/kl/kuluncom/index.php/Home/Site/chief.html
INFO: [ app_begin ] --START--
INFO: Run Behavior\ReadHtmlCache [ RunTime:0.001132s ]
INFO: [ app_begin ] --END-- [ RunTime:0.002070s ]
NOTIC: [2] Missing argument 1 for I(), called in D:\WWW\kl\kl\kuluncom\Application\Home\Controller\SiteController.class.php on line 30 and defined D:\WWW\kl\kl\kuluncom\ThinkPHP\Common\functions.php Á¨¨ 220 Ë°å.
NOTIC: [8] Undefined variable: name D:\WWW\kl\kl\kuluncom\ThinkPHP\Common\functions.php Á¨¨ 221 Ë°å.
NOTIC: [8192] mysql_connect(): The mysql extension is deprecated and will be removed in the future: use mysqli or PDO instead D:\WWW\kl\kl\kuluncom\ThinkPHP\Library\Think\Db\Driver\Mysql.class.php Á¨¨ 52 Ë°å.
SQL: SHOW COLUMNS FROM `kl_common` [ RunTime:0.010124s ]
ERR: 1146:Table 'kunluns.kl_common' doesn't exist
 [ SQLËØ≠Âè• ] : SHOW COLUMNS FROM `kl_common`
SQL: SHOW COLUMNS FROM `kl_admin_user` [ RunTime:0.012534s ]
NOTIC: [2] Invalid argument supplied for foreach() D:\WWW\kl\kl\kuluncom\ThinkPHP\Library\Think\Db.class.php Á¨¨ 425 Ë°å.
SQL: SELECT `u_id`,`nickname` FROM `kl_admin_user`  [ RunTime:0.000552s ]
INFO: [ view_parse ] --START--
INFO: [ template_filter ] --START--
INFO: Run Behavior\ContentReplace [ RunTime:0.000190s ]
INFO: [ template_filter ] --END-- [ RunTime:0.000265s ]
INFO: Run Behavior\ParseTemplate [ RunTime:0.020523s ]
INFO: [ view_parse ] --END-- [ RunTime:0.020627s ]
INFO: [ view_filter ] --START--
INFO: Run Behavior\WriteHtmlCache [ RunTime:0.000412s ]
INFO: [ view_filter ] --END-- [ RunTime:0.000452s ]
INFO: [ app_end ] --START--
INFO: Run Behavior\ShowPageTrace [ RunTime:0.000806s ]
INFO: [ app_end ] --END-- [ RunTime:0.000888s ]

[ 2017-08-20T22:41:55+08:00 ] ::1 /kl/kl/kuluncom/index.php/Home/Site/banner.html
INFO: [ app_begin ] --START--
INFO: Run Behavior\ReadHtmlCache [ RunTime:0.000889s ]
INFO: [ app_begin ] --END-- [ RunTime:0.001640s ]
INFO: [ view_parse ] --START--
INFO: [ template_filter ] --START--
INFO: Run Behavior\ContentReplace [ RunTime:0.000324s ]
INFO: [ template_filter ] --END-- [ RunTime:0.000394s ]
INFO: Run Behavior\ParseTemplate [ RunTime:0.015965s ]
INFO: [ view_parse ] --END-- [ RunTime:0.016058s ]
INFO: [ view_filter ] --START--
INFO: Run Behavior\WriteHtmlCache [ RunTime:0.000435s ]
INFO: [ view_filter ] --END-- [ RunTime:0.000474s ]
INFO: [ app_end ] --START--
INFO: Run Behavior\ShowPageTrace [ RunTime:0.000775s ]
INFO: [ app_end ] --END-- [ RunTime:0.000840s ]

[ 2017-08-20T22:41:59+08:00 ] ::1 /kl/kl/kuluncom/index.php/Home/Site/banneradd.html
INFO: [ app_begin ] --START--
INFO: Run Behavior\ReadHtmlCache [ RunTime:0.000646s ]
INFO: [ app_begin ] --END-- [ RunTime:0.001160s ]
NOTIC: [2] Missing argument 1 for I(), called in D:\WWW\kl\kl\kuluncom\Application\Home\Controller\SiteController.class.php on line 12 and defined D:\WWW\kl\kl\kuluncom\ThinkPHP\Common\functions.php Á¨¨ 220 Ë°å.
NOTIC: [8] Undefined variable: name D:\WWW\kl\kl\kuluncom\ThinkPHP\Common\functions.php Á¨¨ 221 Ë°å.
INFO: [ view_parse ] --START--
INFO: [ template_filter ] --START--
INFO: Run Behavior\ContentReplace [ RunTime:0.000149s ]
INFO: [ template_filter ] --END-- [ RunTime:0.000215s ]
INFO: Run Behavior\ParseTemplate [ RunTime:0.014149s ]
INFO: [ view_parse ] --END-- [ RunTime:0.014220s ]
INFO: [ view_filter ] --START--
INFO: Run Behavior\WriteHtmlCache [ RunTime:0.000493s ]
INFO: [ view_filter ] --END-- [ RunTime:0.000533s ]
INFO: [ app_end ] --START--
INFO: Run Behavior\ShowPageTrace [ RunTime:0.000699s ]
INFO: [ app_end ] --END-- [ RunTime:0.000772s ]

[ 2017-08-20T22:44:45+08:00 ] ::1 /kl/kl/kuluncom/index.php/Web/Index/index.html
INFO: [ app_begin ] --START--
INFO: Run Behavior\ReadHtmlCache [ RunTime:0.000682s ]
INFO: [ app_begin ] --END-- [ RunTime:0.001391s ]
NOTIC: [8192] mysql_connect(): The mysql extension is deprecated and will be removed in the future: use mysqli or PDO instead D:\WWW\kl\kl\kuluncom\ThinkPHP\Library\Think\Db\Driver\Mysql.class.php Á¨¨ 52 Ë°å.
SQL: SHOW COLUMNS FROM `kl_common` [ RunTime:0.004237s ]
ERR: 1146:Table 'kunluns.kl_common' doesn't exist
 [ SQLËØ≠Âè• ] : SHOW COLUMNS FROM `kl_common`
ERR: Think\Model:generalqueryÊñπÊ≥ï‰∏çÂ≠òÂú®ÔºÅ

[ 2017-08-20T22:45:40+08:00 ] ::1 /kl/kl/kuluncom/index.php/Web/Index/index.html
INFO: [ app_begin ] --START--
INFO: Run Behavior\ReadHtmlCache [ RunTime:0.000615s ]
INFO: [ app_begin ] --END-- [ RunTime:0.001160s ]
NOTIC: [8192] mysql_connect(): The mysql extension is deprecated and will be removed in the future: use mysqli or PDO instead D:\WWW\kl\kl\kuluncom\ThinkPHP\Library\Think\Db\Driver\Mysql.class.php Á¨¨ 52 Ë°å.
SQL: SHOW COLUMNS FROM `kl_common` [ RunTime:0.008271s ]
ERR: 1146:Table 'kunluns.kl_common' doesn't exist
 [ SQLËØ≠Âè• ] : SHOW COLUMNS FROM `kl_common`
SQL: SHOW COLUMNS FROM `kl_banner` [ RunTime:0.007102s ]
NOTIC: [2] Invalid argument supplied for foreach() D:\WWW\kl\kl\kuluncom\ThinkPHP\Library\Think\Db.class.php Á¨¨ 425 Ë°å.
SQL: SELECT `banner_img` FROM `kl_banner`  [ RunTime:0.000446s ]

[ 2017-08-20T22:50:21+08:00 ] ::1 /kl/kl/kuluncom/index.php/Web/Index/index.html
INFO: [ app_begin ] --START--
INFO: Run Behavior\ReadHtmlCache [ RunTime:0.000781s ]
INFO: [ app_begin ] --END-- [ RunTime:0.001423s ]
NOTIC: [8192] mysql_connect(): The mysql extension is deprecated and will be removed in the future: use mysqli or PDO instead D:\WWW\kl\kl\kuluncom\ThinkPHP\Library\Think\Db\Driver\Mysql.class.php Á¨¨ 52 Ë°å.
SQL: SHOW COLUMNS FROM `kl_common` [ RunTime:0.012889s ]
ERR: 1146:Table 'kunluns.kl_common' doesn't exist
 [ SQLËØ≠Âè• ] : SHOW COLUMNS FROM `kl_common`
SQL: SHOW COLUMNS FROM `kl_banner` [ RunTime:0.010178s ]
NOTIC: [2] Invalid argument supplied for foreach() D:\WWW\kl\kl\kuluncom\ThinkPHP\Library\Think\Db.class.php Á¨¨ 425 Ë°å.
SQL: SELECT `banner_img` FROM `kl_banner`  [ RunTime:0.000476s ]
NOTIC: [8] Undefined variable: banner D:\WWW\kl\kl\kuluncom\Application\Web\Controller\IndexController.class.php Á¨¨ 14 Ë°å.
INFO: [ view_parse ] --START--
INFO: [ template_filter ] --START--
INFO: Run Behavior\ContentReplace [ RunTime:0.000088s ]
INFO: [ template_filter ] --END-- [ RunTime:0.000154s ]
NOTIC: [8] Undefined variable: v D:\WWW\kl\kl\kuluncom\Application\Runtime\Cache\Web\c8b1e5771bc271e64e454ef6da535ec7.php Á¨¨ 81 Ë°å.
INFO: Run Behavior\ParseTemplate [ RunTime:0.027009s ]
INFO: [ view_parse ] --END-- [ RunTime:0.027070s ]
INFO: [ view_filter ] --START--
INFO: Run Behavior\WriteHtmlCache [ RunTime:0.000410s ]
INFO: [ view_filter ] --END-- [ RunTime:0.000450s ]
INFO: [ app_end ] --START--
INFO: Run Behavior\ShowPageTrace [ RunTime:0.000824s ]
INFO: [ app_end ] --END-- [ RunTime:0.000894s ]

[ 2017-08-20T22:50:21+08:00 ] ::1 /kl/kl/kuluncom/
INFO: [ app_begin ] --START--
INFO: Run Behavior\ReadHtmlCache [ RunTime:0.000712s ]
INFO: [ app_begin ] --END-- [ RunTime:0.001221s ]
INFO: [ view_parse ] --START--
INFO: [ template_filter ] --START--
INFO: Run Behavior\ContentReplace [ RunTime:0.000048s ]
INFO: [ template_filter ] --END-- [ RunTime:0.000105s ]
INFO: Run Behavior\ParseTemplate [ RunTime:0.005703s ]
INFO: [ view_parse ] --END-- [ RunTime:0.005760s ]
INFO: [ view_filter ] --START--
INFO: Run Behavior\WriteHtmlCache [ RunTime:0.000421s ]
INFO: [ view_filter ] --END-- [ RunTime:0.000461s ]
INFO: [ app_end ] --START--
INFO: Run Behavior\ShowPageTrace [ RunTime:0.000692s ]
INFO: [ app_end ] --END-- [ RunTime:0.000742s ]

[ 2017-08-20T22:53:12+08:00 ] ::1 /kl/kl/kuluncom/index.php/Web/Index/index.html
INFO: [ app_begin ] --START--
INFO: Run Behavior\ReadHtmlCache [ RunTime:0.000626s ]
INFO: [ app_begin ] --END-- [ RunTime:0.001198s ]
NOTIC: [8192] mysql_connect(): The mysql extension is deprecated and will be removed in the future: use mysqli or PDO instead D:\WWW\kl\kl\kuluncom\ThinkPHP\Library\Think\Db\Driver\Mysql.class.php Á¨¨ 52 Ë°å.
SQL: SHOW COLUMNS FROM `kl_common` [ RunTime:0.018061s ]
ERR: 1146:Table 'kunluns.kl_common' doesn't exist
 [ SQLËØ≠Âè• ] : SHOW COLUMNS FROM `kl_common`
SQL: SHOW COLUMNS FROM `kl_banner` [ RunTime:0.009247s ]
NOTIC: [2] Invalid argument supplied for foreach() D:\WWW\kl\kl\kuluncom\ThinkPHP\Library\Think\Db.class.php Á¨¨ 425 Ë°å.
SQL: SELECT `banner_img` FROM `kl_banner`  [ RunTime:0.000490s ]
NOTIC: [8] Undefined variable: banner D:\WWW\kl\kl\kuluncom\Application\Web\Controller\IndexController.class.php Á¨¨ 14 Ë°å.
INFO: [ view_parse ] --START--
INFO: [ template_filter ] --START--
INFO: Run Behavior\ContentReplace [ RunTime:0.000086s ]
INFO: [ template_filter ] --END-- [ RunTime:0.000134s ]
NOTIC: [8] Undefined variable: v D:\WWW\kl\kl\kuluncom\Application\Runtime\Cache\Web\c8b1e5771bc271e64e454ef6da535ec7.php Á¨¨ 81 Ë°å.
INFO: Run Behavior\ParseTemplate [ RunTime:0.015636s ]
INFO: [ view_parse ] --END-- [ RunTime:0.015715s ]
INFO: [ view_filter ] --START--
INFO: Run Behavior\WriteHtmlCache [ RunTime:0.000593s ]
INFO: [ view_filter ] --END-- [ RunTime:0.000656s ]
INFO: [ app_end ] --START--
INFO: Run Behavior\ShowPageTrace [ RunTime:0.000921s ]
INFO: [ app_end ] --END-- [ RunTime:0.000984s ]

[ 2017-08-20T22:53:12+08:00 ] ::1 /kl/kl/kuluncom/
INFO: [ app_begin ] --START--
INFO: Run Behavior\ReadHtmlCache [ RunTime:0.000566s ]
INFO: [ app_begin ] --END-- [ RunTime:0.001034s ]
INFO: [ view_parse ] --START--
INFO: [ template_filter ] --START--
INFO: Run Behavior\ContentReplace [ RunTime:0.000053s ]
INFO: [ template_filter ] --END-- [ RunTime:0.000114s ]
INFO: Run Behavior\ParseTemplate [ RunTime:0.005832s ]
INFO: [ view_parse ] --END-- [ RunTime:0.005908s ]
INFO: [ view_filter ] --START--
INFO: Run Behavior\WriteHtmlCache [ RunTime:0.000558s ]
INFO: [ view_filter ] --END-- [ RunTime:0.000615s ]
INFO: [ app_end ] --START--
INFO: Run Behavior\ShowPageTrace [ RunTime:0.000648s ]
INFO: [ app_end ] --END-- [ RunTime:0.000701s ]

[ 2017-08-20T22:54:12+08:00 ] ::1 /kl/kl/kuluncom/index.php/Web/Index/index.html
INFO: [ app_begin ] --START--
INFO: Run Behavior\ReadHtmlCache [ RunTime:0.000664s ]
INFO: [ app_begin ] --END-- [ RunTime:0.001285s ]
NOTIC: [8192] mysql_connect(): The mysql extension is deprecated and will be removed in the future: use mysqli or PDO instead D:\WWW\kl\kl\kuluncom\ThinkPHP\Library\Think\Db\Driver\Mysql.class.php Á¨¨ 52 Ë°å.
SQL: SHOW COLUMNS FROM `kl_common` [ RunTime:0.004653s ]
ERR: 1146:Table 'kunluns.kl_common' doesn't exist
 [ SQLËØ≠Âè• ] : SHOW COLUMNS FROM `kl_common`
SQL: SHOW COLUMNS FROM `kl_banner` [ RunTime:0.004414s ]
NOTIC: [2] Invalid argument supplied for foreach() D:\WWW\kl\kl\kuluncom\ThinkPHP\Library\Think\Db.class.php Á¨¨ 425 Ë°å.
SQL: SELECT `banner_img` FROM `kl_banner`  [ RunTime:0.000339s ]
NOTIC: [8] Undefined variable: banner D:\WWW\kl\kl\kuluncom\Application\Web\Controller\IndexController.class.php Á¨¨ 15 Ë°å.

[ 2017-08-20T22:54:56+08:00 ] ::1 /kl/kl/kuluncom/index.php/Web/Index/index.html
INFO: [ app_begin ] --START--
INFO: Run Behavior\ReadHtmlCache [ RunTime:0.000556s ]
INFO: [ app_begin ] --END-- [ RunTime:0.001047s ]
NOTIC: [8192] mysql_connect(): The mysql extension is deprecated and will be removed in the future: use mysqli or PDO instead D:\WWW\kl\kl\kuluncom\ThinkPHP\Library\Think\Db\Driver\Mysql.class.php Á¨¨ 52 Ë°å.
SQL: SHOW COLUMNS FROM `kl_common` [ RunTime:0.015053s ]
ERR: 1146:Table 'kunluns.kl_common' doesn't exist
 [ SQLËØ≠Âè• ] : SHOW COLUMNS FROM `kl_common`
SQL: SHOW COLUMNS FROM `kl_banner` [ RunTime:0.011864s ]
NOTIC: [2] Invalid argument supplied for foreach() D:\WWW\kl\kl\kuluncom\ThinkPHP\Library\Think\Db.class.php Á¨¨ 425 Ë°å.
SQL: SELECT `banner_img` FROM `kl_banner`  [ RunTime:0.000558s ]
INFO: [ view_parse ] --START--
INFO: [ template_filter ] --START--
INFO: Run Behavior\ContentReplace [ RunTime:0.000146s ]
INFO: [ template_filter ] --END-- [ RunTime:0.000231s ]
NOTIC: [8] Undefined variable: v D:\WWW\kl\kl\kuluncom\Application\Runtime\Cache\Web\c8b1e5771bc271e64e454ef6da535ec7.php Á¨¨ 81 Ë°å.
INFO: Run Behavior\ParseTemplate [ RunTime:0.013508s ]
INFO: [ view_parse ] --END-- [ RunTime:0.013617s ]
INFO: [ view_filter ] --START--
INFO: Run Behavior\WriteHtmlCache [ RunTime:0.000575s ]
INFO: [ view_filter ] --END-- [ RunTime:0.000647s ]
INFO: [ app_end ] --START--
INFO: Run Behavior\ShowPageTrace [ RunTime:0.001296s ]
INFO: [ app_end ] --END-- [ RunTime:0.001412s ]

[ 2017-08-20T22:54:56+08:00 ] ::1 /kl/kl/kuluncom/
INFO: [ app_begin ] --START--
INFO: Run Behavior\ReadHtmlCache [ RunTime:0.000785s ]
INFO: [ app_begin ] --END-- [ RunTime:0.001472s ]
INFO: [ view_parse ] --START--
INFO: [ template_filter ] --START--
INFO: Run Behavior\ContentReplace [ RunTime:0.000048s ]
INFO: [ template_filter ] --END-- [ RunTime:0.000111s ]
INFO: Run Behavior\ParseTemplate [ RunTime:0.006744s ]
INFO: [ view_parse ] --END-- [ RunTime:0.006825s ]
INFO: [ view_filter ] --START--
INFO: Run Behavior\WriteHtmlCache [ RunTime:0.000564s ]
INFO: [ view_filter ] --END-- [ RunTime:0.000630s ]
INFO: [ app_end ] --START--
INFO: Run Behavior\ShowPageTrace [ RunTime:0.000821s ]
INFO: [ app_end ] --END-- [ RunTime:0.000891s ]

[ 2017-08-20T22:55:08+08:00 ] ::1 /kl/kl/kuluncom/index.php/Web/Index/index.html
INFO: [ app_begin ] --START--
INFO: Run Behavior\ReadHtmlCache [ RunTime:0.000570s ]
INFO: [ app_begin ] --END-- [ RunTime:0.001250s ]
NOTIC: [8192] mysql_connect(): The mysql extension is deprecated and will be removed in the future: use mysqli or PDO instead D:\WWW\kl\kl\kuluncom\ThinkPHP\Library\Think\Db\Driver\Mysql.class.php Á¨¨ 52 Ë°å.
SQL: SHOW COLUMNS FROM `kl_common` [ RunTime:0.009314s ]
ERR: 1146:Table 'kunluns.kl_common' doesn't exist
 [ SQLËØ≠Âè• ] : SHOW COLUMNS FROM `kl_common`
SQL: SHOW COLUMNS FROM `kl_banner` [ RunTime:0.008330s ]
NOTIC: [2] Invalid argument supplied for foreach() D:\WWW\kl\kl\kuluncom\ThinkPHP\Library\Think\Db.class.php Á¨¨ 425 Ë°å.
SQL: SELECT `banner_img` FROM `kl_banner`  [ RunTime:0.000517s ]
INFO: [ view_parse ] --START--
INFO: [ template_filter ] --START--
INFO: Run Behavior\ContentReplace [ RunTime:0.000189s ]
INFO: [ template_filter ] --END-- [ RunTime:0.000299s ]
NOTIC: [8] Undefined variable: v D:\WWW\kl\kl\kuluncom\Application\Runtime\Cache\Web\c8b1e5771bc271e64e454ef6da535ec7.php Á¨¨ 81 Ë°å.
INFO: Run Behavior\ParseTemplate [ RunTime:0.017274s ]
INFO: [ view_parse ] --END-- [ RunTime:0.017430s ]
INFO: [ view_filter ] --START--
INFO: Run Behavior\WriteHtmlCache [ RunTime:0.000863s ]
INFO: [ view_filter ] --END-- [ RunTime:0.000980s ]
INFO: [ app_end ] --START--
INFO: Run Behavior\ShowPageTrace [ RunTime:0.001533s ]
INFO: [ app_end ] --END-- [ RunTime:0.001633s ]

[ 2017-08-20T22:55:16+08:00 ] ::1 /kl/kl/kuluncom/index.php/Home/Site/banneradd.html
INFO: [ app_begin ] --START--
INFO: Run Behavior\ReadHtmlCache [ RunTime:0.000655s ]
INFO: [ app_begin ] --END-- [ RunTime:0.001246s ]
NOTIC: [2] Missing argument 1 for I(), called in D:\WWW\kl\kl\kuluncom\Application\Home\Controller\SiteController.class.php on line 12 and defined D:\WWW\kl\kl\kuluncom\ThinkPHP\Common\functions.php Á¨¨ 220 Ë°å.
NOTIC: [8] Undefined variable: name D:\WWW\kl\kl\kuluncom\ThinkPHP\Common\functions.php Á¨¨ 221 Ë°å.
INFO: [ view_parse ] --START--
INFO: [ template_filter ] --START--
INFO: Run Behavior\ContentReplace [ RunTime:0.000124s ]
INFO: [ template_filter ] --END-- [ RunTime:0.000186s ]
INFO: Run Behavior\ParseTemplate [ RunTime:0.013553s ]
INFO: [ view_parse ] --END-- [ RunTime:0.013609s ]
INFO: [ view_filter ] --START--
INFO: Run Behavior\WriteHtmlCache [ RunTime:0.000473s ]
INFO: [ view_filter ] --END-- [ RunTime:0.000513s ]
INFO: [ app_end ] --START--
INFO: Run Behavior\ShowPageTrace [ RunTime:0.000780s ]
INFO: [ app_end ] --END-- [ RunTime:0.000835s ]

[ 2017-08-20T22:55:21+08:00 ] ::1 /kl/kl/kuluncom/index.php/Web/Index/index.html
INFO: [ app_begin ] --START--
INFO: Run Behavior\ReadHtmlCache [ RunTime:0.000599s ]
INFO: [ app_begin ] --END-- [ RunTime:0.001103s ]
NOTIC: [8192] mysql_connect(): The mysql extension is deprecated and will be removed in the future: use mysqli or PDO instead D:\WWW\kl\kl\kuluncom\ThinkPHP\Library\Think\Db\Driver\Mysql.class.php Á¨¨ 52 Ë°å.
SQL: SHOW COLUMNS FROM `kl_common` [ RunTime:0.008500s ]
ERR: 1146:Table 'kunluns.kl_common' doesn't exist
 [ SQLËØ≠Âè• ] : SHOW COLUMNS FROM `kl_common`
SQL: SHOW COLUMNS FROM `kl_banner` [ RunTime:0.009258s ]
NOTIC: [2] Invalid argument supplied for foreach() D:\WWW\kl\kl\kuluncom\ThinkPHP\Library\Think\Db.class.php Á¨¨ 425 Ë°å.
SQL: SELECT `banner_img` FROM `kl_banner`  [ RunTime:0.000447s ]
INFO: [ view_parse ] --START--
INFO: [ template_filter ] --START--
INFO: Run Behavior\ContentReplace [ RunTime:0.000163s ]
INFO: [ template_filter ] --END-- [ RunTime:0.000247s ]
NOTIC: [8] Undefined variable: v D:\WWW\kl\kl\kuluncom\Application\Runtime\Cache\Web\c8b1e5771bc271e64e454ef6da535ec7.php Á¨¨ 81 Ë°å.
INFO: Run Behavior\ParseTemplate [ RunTime:0.015142s ]
INFO: [ view_parse ] --END-- [ RunTime:0.015215s ]
INFO: [ view_filter ] --START--
INFO: Run Behavior\WriteHtmlCache [ RunTime:0.000667s ]
INFO: [ view_filter ] --END-- [ RunTime:0.000736s ]
INFO: [ app_end ] --START--
INFO: Run Behavior\ShowPageTrace [ RunTime:0.001041s ]
INFO: [ app_end ] --END-- [ RunTime:0.001136s ]

[ 2017-08-20T22:55:24+08:00 ] ::1 /kl/kl/kuluncom/
INFO: [ app_begin ] --START--
INFO: Run Behavior\ReadHtmlCache [ RunTime:0.000595s ]
INFO: [ app_begin ] --END-- [ RunTime:0.001143s ]
INFO: [ view_parse ] --START--
INFO: [ template_filter ] --START--
INFO: Run Behavior\ContentReplace [ RunTime:0.000068s ]
INFO: [ template_filter ] --END-- [ RunTime:0.000139s ]
INFO: Run Behavior\ParseTemplate [ RunTime:0.006826s ]
INFO: [ view_parse ] --END-- [ RunTime:0.006877s ]
INFO: [ view_filter ] --START--
INFO: Run Behavior\WriteHtmlCache [ RunTime:0.000430s ]
INFO: [ view_filter ] --END-- [ RunTime:0.000468s ]
INFO: [ app_end ] --START--
INFO: Run Behavior\ShowPageTrace [ RunTime:0.000609s ]
INFO: [ app_end ] --END-- [ RunTime:0.000648s ]

[ 2017-08-20T22:55:46+08:00 ] ::1 /kl/kl/kuluncom/index.php/Web/Index/index.html
INFO: [ app_begin ] --START--
INFO: Run Behavior\ReadHtmlCache [ RunTime:0.000558s ]
INFO: [ app_begin ] --END-- [ RunTime:0.001044s ]
NOTIC: [8192] mysql_connect(): The mysql extension is deprecated and will be removed in the future: use mysqli or PDO instead D:\WWW\kl\kl\kuluncom\ThinkPHP\Library\Think\Db\Driver\Mysql.class.php Á¨¨ 52 Ë°å.
SQL: SHOW COLUMNS FROM `kl_common` [ RunTime:0.007882s ]
ERR: 1146:Table 'kunluns.kl_common' doesn't exist
 [ SQLËØ≠Âè• ] : SHOW COLUMNS FROM `kl_common`
SQL: SHOW COLUMNS FROM `kl_banner` [ RunTime:0.007825s ]
NOTIC: [2] Invalid argument supplied for foreach() D:\WWW\kl\kl\kuluncom\ThinkPHP\Library\Think\Db.class.php Á¨¨ 425 Ë°å.
SQL: SELECT `banner_img` FROM `kl_banner`  [ RunTime:0.000485s ]

[ 2017-08-20T22:56:47+08:00 ] ::1 /kl/kl/kuluncom/index.php/Home/Site/banneradd.html
INFO: [ app_begin ] --START--
INFO: Run Behavior\ReadHtmlCache [ RunTime:0.000549s ]
INFO: [ app_begin ] --END-- [ RunTime:0.001041s ]
NOTIC: [2] Missing argument 1 for I(), called in D:\WWW\kl\kl\kuluncom\Application\Home\Controller\SiteController.class.php on line 12 and defined D:\WWW\kl\kl\kuluncom\ThinkPHP\Common\functions.php Á¨¨ 220 Ë°å.
NOTIC: [8] Undefined variable: name D:\WWW\kl\kl\kuluncom\ThinkPHP\Common\functions.php Á¨¨ 221 Ë°å.
INFO: [ view_parse ] --START--
INFO: [ template_filter ] --START--
INFO: Run Behavior\ContentReplace [ RunTime:0.000123s ]
INFO: [ template_filter ] --END-- [ RunTime:0.000183s ]
INFO: Run Behavior\ParseTemplate [ RunTime:0.014085s ]
INFO: [ view_parse ] --END-- [ RunTime:0.014146s ]
INFO: [ view_filter ] --START--
INFO: Run Behavior\WriteHtmlCache [ RunTime:0.000438s ]
INFO: [ view_filter ] --END-- [ RunTime:0.000488s ]
INFO: [ app_end ] --START--
INFO: Run Behavior\ShowPageTrace [ RunTime:0.000757s ]
INFO: [ app_end ] --END-- [ RunTime:0.000819s ]

[ 2017-08-20T22:56:50+08:00 ] ::1 /kl/kl/kuluncom/index.php/Web/Index/index.html
INFO: [ app_begin ] --START--
INFO: Run Behavior\ReadHtmlCache [ RunTime:0.000905s ]
INFO: [ app_begin ] --END-- [ RunTime:0.001740s ]
NOTIC: [8192] mysql_connect(): The mysql extension is deprecated and will be removed in the future: use mysqli or PDO instead D:\WWW\kl\kl\kuluncom\ThinkPHP\Library\Think\Db\Driver\Mysql.class.php Á¨¨ 52 Ë°å.
SQL: SHOW COLUMNS FROM `kl_common` [ RunTime:0.013247s ]
ERR: 1146:Table 'kunluns.kl_common' doesn't exist
 [ SQLËØ≠Âè• ] : SHOW COLUMNS FROM `kl_common`
SQL: SHOW COLUMNS FROM `kl_banner` [ RunTime:0.013412s ]
NOTIC: [2] Invalid argument supplied for foreach() D:\WWW\kl\kl\kuluncom\ThinkPHP\Library\Think\Db.class.php Á¨¨ 425 Ë°å.
SQL: SELECT `banner_img` FROM `kl_banner`  [ RunTime:0.000734s ]
INFO: [ view_parse ] --START--
INFO: [ template_filter ] --START--
INFO: Run Behavior\ContentReplace [ RunTime:0.000194s ]
INFO: [ template_filter ] --END-- [ RunTime:0.000298s ]
INFO: Run Behavior\ParseTemplate [ RunTime:0.022106s ]
INFO: [ view_parse ] --END-- [ RunTime:0.022231s ]
INFO: [ view_filter ] --START--
INFO: Run Behavior\WriteHtmlCache [ RunTime:0.000734s ]
INFO: [ view_filter ] --END-- [ RunTime:0.000812s ]
INFO: [ app_end ] --START--
INFO: Run Behavior\ShowPageTrace [ RunTime:0.001378s ]
INFO: [ app_end ] --END-- [ RunTime:0.001483s ]

[ 2017-08-20T22:57:19+08:00 ] ::1 /kl/kl/kuluncom/index.php/Web/Index/index.html
INFO: [ app_begin ] --START--
INFO: Run Behavior\ReadHtmlCache [ RunTime:0.000638s ]
INFO: [ app_begin ] --END-- [ RunTime:0.001234s ]
NOTIC: [8192] mysql_connect(): The mysql extension is deprecated and will be removed in the future: use mysqli or PDO instead D:\WWW\kl\kl\kuluncom\ThinkPHP\Library\Think\Db\Driver\Mysql.class.php Á¨¨ 52 Ë°å.
SQL: SHOW COLUMNS FROM `kl_common` [ RunTime:0.012682s ]
ERR: 1146:Table 'kunluns.kl_common' doesn't exist
 [ SQLËØ≠Âè• ] : SHOW COLUMNS FROM `kl_common`
SQL: SHOW COLUMNS FROM `kl_banner` [ RunTime:0.014218s ]
NOTIC: [2] Invalid argument supplied for foreach() D:\WWW\kl\kl\kuluncom\ThinkPHP\Library\Think\Db.class.php Á¨¨ 425 Ë°å.
SQL: SELECT `banner_img` FROM `kl_banner`  [ RunTime:0.000770s ]
INFO: [ view_parse ] --START--
INFO: [ template_filter ] --START--
INFO: Run Behavior\ContentReplace [ RunTime:0.000150s ]
INFO: [ template_filter ] --END-- [ RunTime:0.000227s ]
NOTIC: [8] Undefined variable: v D:\WWW\kl\kl\kuluncom\Application\Runtime\Cache\Web\c8b1e5771bc271e64e454ef6da535ec7.php Á¨¨ 81 Ë°å.
INFO: Run Behavior\ParseTemplate [ RunTime:0.014539s ]
INFO: [ view_parse ] --END-- [ RunTime:0.014661s ]
INFO: [ view_filter ] --START--
INFO: Run Behavior\WriteHtmlCache [ RunTime:0.000620s ]
INFO: [ view_filter ] --END-- [ RunTime:0.000680s ]
INFO: [ app_end ] --START--
INFO: Run Behavior\ShowPageTrace [ RunTime:0.001521s ]
INFO: [ app_end ] --END-- [ RunTime:0.001643s ]

[ 2017-08-20T22:57:19+08:00 ] ::1 /kl/kl/kuluncom/
INFO: [ app_begin ] --START--
INFO: Run Behavior\ReadHtmlCache [ RunTime:0.000593s ]
INFO: [ app_begin ] --END-- [ RunTime:0.001084s ]
INFO: [ view_parse ] --START--
INFO: [ template_filter ] --START--
INFO: Run Behavior\ContentReplace [ RunTime:0.000050s ]
INFO: [ template_filter ] --END-- [ RunTime:0.000112s ]
INFO: Run Behavior\ParseTemplate [ RunTime:0.006361s ]
INFO: [ view_parse ] --END-- [ RunTime:0.006515s ]
INFO: [ view_filter ] --START--
INFO: Run Behavior\WriteHtmlCache [ RunTime:0.000528s ]
INFO: [ view_filter ] --END-- [ RunTime:0.000585s ]
INFO: [ app_end ] --START--
INFO: Run Behavior\ShowPageTrace [ RunTime:0.000679s ]
INFO: [ app_end ] --END-- [ RunTime:0.000735s ]

[ 2017-08-20T22:57:59+08:00 ] ::1 /kl/kl/kuluncom/index.php/Web/Index/index.html
INFO: [ app_begin ] --START--
INFO: Run Behavior\ReadHtmlCache [ RunTime:0.000605s ]
INFO: [ app_begin ] --END-- [ RunTime:0.001136s ]
NOTIC: [8192] mysql_connect(): The mysql extension is deprecated and will be removed in the future: use mysqli or PDO instead D:\WWW\kl\kl\kuluncom\ThinkPHP\Library\Think\Db\Driver\Mysql.class.php Á¨¨ 52 Ë°å.
SQL: SHOW COLUMNS FROM `kl_common` [ RunTime:0.008371s ]
ERR: 1146:Table 'kunluns.kl_common' doesn't exist
 [ SQLËØ≠Âè• ] : SHOW COLUMNS FROM `kl_common`
SQL: SHOW COLUMNS FROM `kl_banner` [ RunTime:0.009703s ]
NOTIC: [2] Invalid argument supplied for foreach() D:\WWW\kl\kl\kuluncom\ThinkPHP\Library\Think\Db.class.php Á¨¨ 425 Ë°å.
SQL: SELECT `banner_img` FROM `kl_banner`  [ RunTime:0.000468s ]

[ 2017-08-20T22:58:39+08:00 ] ::1 /kl/kl/kuluncom/index.php/Web/Index/index.html
INFO: [ app_begin ] --START--
INFO: Run Behavior\ReadHtmlCache [ RunTime:0.000936s ]
INFO: [ app_begin ] --END-- [ RunTime:0.001633s ]
NOTIC: [8192] mysql_connect(): The mysql extension is deprecated and will be removed in the future: use mysqli or PDO instead D:\WWW\kl\kl\kuluncom\ThinkPHP\Library\Think\Db\Driver\Mysql.class.php Á¨¨ 52 Ë°å.
SQL: SHOW COLUMNS FROM `kl_common` [ RunTime:0.007765s ]
ERR: 1146:Table 'kunluns.kl_common' doesn't exist
 [ SQLËØ≠Âè• ] : SHOW COLUMNS FROM `kl_common`
SQL: SHOW COLUMNS FROM `kl_banner` [ RunTime:0.007991s ]
NOTIC: [2] Invalid argument supplied for foreach() D:\WWW\kl\kl\kuluncom\ThinkPHP\Library\Think\Db.class.php Á¨¨ 425 Ë°å.
SQL: SELECT `banner_img` FROM `kl_banner`  [ RunTime:0.000371s ]

[ 2017-08-20T22:59:19+08:00 ] ::1 /kl/kl/kuluncom/index.php/Web/Index/index.html
INFO: [ app_begin ] --START--
INFO: Run Behavior\ReadHtmlCache [ RunTime:0.000582s ]
INFO: [ app_begin ] --END-- [ RunTime:0.001114s ]
NOTIC: [8192] mysql_connect(): The mysql extension is deprecated and will be removed in the future: use mysqli or PDO instead D:\WWW\kl\kl\kuluncom\ThinkPHP\Library\Think\Db\Driver\Mysql.class.php Á¨¨ 52 Ë°å.
SQL: SHOW COLUMNS FROM `kl_common` [ RunTime:0.006937s ]
ERR: 1146:Table 'kunluns.kl_common' doesn't exist
 [ SQLËØ≠Âè• ] : SHOW COLUMNS FROM `kl_common`
SQL: SHOW COLUMNS FROM `kl_banner` [ RunTime:0.007413s ]
NOTIC: [2] Invalid argument supplied for foreach() D:\WWW\kl\kl\kuluncom\ThinkPHP\Library\Think\Db.class.php Á¨¨ 425 Ë°å.
SQL: SELECT `banner_img` FROM `kl_banner`  [ RunTime:0.000812s ]

[ 2017-08-20T22:59:29+08:00 ] ::1 /kl/kl/kuluncom/index.php/Web/Index/index.html
INFO: [ app_begin ] --START--
INFO: Run Behavior\ReadHtmlCache [ RunTime:0.000644s ]
INFO: [ app_begin ] --END-- [ RunTime:0.001249s ]
NOTIC: [8192] mysql_connect(): The mysql extension is deprecated and will be removed in the future: use mysqli or PDO instead D:\WWW\kl\kl\kuluncom\ThinkPHP\Library\Think\Db\Driver\Mysql.class.php Á¨¨ 52 Ë°å.
SQL: SHOW COLUMNS FROM `kl_common` [ RunTime:0.004673s ]
ERR: 1146:Table 'kunluns.kl_common' doesn't exist
 [ SQLËØ≠Âè• ] : SHOW COLUMNS FROM `kl_common`
SQL: SHOW COLUMNS FROM `kl_banner` [ RunTime:0.004325s ]
NOTIC: [2] Invalid argument supplied for foreach() D:\WWW\kl\kl\kuluncom\ThinkPHP\Library\Think\Db.class.php Á¨¨ 425 Ë°å.
SQL: SELECT `banner_img` FROM `kl_banner`  [ RunTime:0.000320s ]
INFO: [ view_parse ] --START--
INFO: [ template_filter ] --START--
INFO: Run Behavior\ContentReplace [ RunTime:0.000086s ]
INFO: [ template_filter ] --END-- [ RunTime:0.000135s ]
NOTIC: [8] Undefined variable: v D:\WWW\kl\kl\kuluncom\Application\Runtime\Cache\Web\c8b1e5771bc271e64e454ef6da535ec7.php Á¨¨ 81 Ë°å.
NOTIC: [8] Undefined variable: v D:\WWW\kl\kl\kuluncom\Application\Runtime\Cache\Web\c8b1e5771bc271e64e454ef6da535ec7.php Á¨¨ 81 Ë°å.
INFO: Run Behavior\ParseTemplate [ RunTime:0.009350s ]
INFO: [ view_parse ] --END-- [ RunTime:0.009421s ]
INFO: [ view_filter ] --START--
INFO: Run Behavior\WriteHtmlCache [ RunTime:0.000481s ]
INFO: [ view_filter ] --END-- [ RunTime:0.000525s ]
INFO: [ app_end ] --START--
INFO: Run Behavior\ShowPageTrace [ RunTime:0.000961s ]
INFO: [ app_end ] --END-- [ RunTime:0.001036s ]

[ 2017-08-20T22:59:30+08:00 ] ::1 /kl/kl/kuluncom/
INFO: [ app_begin ] --START--
INFO: Run Behavior\ReadHtmlCache [ RunTime:0.000709s ]
INFO: [ app_begin ] --END-- [ RunTime:0.001395s ]
INFO: [ view_parse ] --START--
INFO: [ template_filter ] --START--
INFO: Run Behavior\ContentReplace [ RunTime:0.000050s ]
INFO: [ template_filter ] --END-- [ RunTime:0.000111s ]
INFO: Run Behavior\ParseTemplate [ RunTime:0.006586s ]
INFO: [ view_parse ] --END-- [ RunTime:0.006677s ]
INFO: [ view_filter ] --START--
INFO: Run Behavior\WriteHtmlCache [ RunTime:0.000399s ]
INFO: [ view_filter ] --END-- [ RunTime:0.000440s ]
INFO: [ app_end ] --START--
INFO: Run Behavior\ShowPageTrace [ RunTime:0.000585s ]
INFO: [ app_end ] --END-- [ RunTime:0.000632s ]

[ 2017-08-20T23:00:32+08:00 ] ::1 /kl/kl/kuluncom/index.php/Web/Index/index.html
INFO: [ app_begin ] --START--
INFO: Run Behavior\ReadHtmlCache [ RunTime:0.000541s ]
INFO: [ app_begin ] --END-- [ RunTime:0.001049s ]
NOTIC: [8192] mysql_connect(): The mysql extension is deprecated and will be removed in the future: use mysqli or PDO instead D:\WWW\kl\kl\kuluncom\ThinkPHP\Library\Think\Db\Driver\Mysql.class.php Á¨¨ 52 Ë°å.
SQL: SHOW COLUMNS FROM `kl_common` [ RunTime:0.006066s ]
ERR: 1146:Table 'kunluns.kl_common' doesn't exist
 [ SQLËØ≠Âè• ] : SHOW COLUMNS FROM `kl_common`
SQL: SHOW COLUMNS FROM `kl_banner` [ RunTime:0.007206s ]
NOTIC: [2] Invalid argument supplied for foreach() D:\WWW\kl\kl\kuluncom\ThinkPHP\Library\Think\Db.class.php Á¨¨ 425 Ë°å.
SQL: SELECT `banner_img` FROM `kl_banner`  [ RunTime:0.000418s ]
INFO: [ view_parse ] --START--
INFO: [ template_filter ] --START--
INFO: Run Behavior\ContentReplace [ RunTime:0.000155s ]
INFO: [ template_filter ] --END-- [ RunTime:0.000254s ]
NOTIC: [8] Undefined variable: v D:\WWW\kl\kl\kuluncom\Application\Runtime\Cache\Web\c8b1e5771bc271e64e454ef6da535ec7.php Á¨¨ 79 Ë°å.
INFO: Run Behavior\ParseTemplate [ RunTime:0.012346s ]
INFO: [ view_parse ] --END-- [ RunTime:0.012401s ]
INFO: [ view_filter ] --START--
INFO: Run Behavior\WriteHtmlCache [ RunTime:0.000354s ]
INFO: [ view_filter ] --END-- [ RunTime:0.000388s ]
INFO: [ app_end ] --START--
INFO: Run Behavior\ShowPageTrace [ RunTime:0.000765s ]
INFO: [ app_end ] --END-- [ RunTime:0.000838s ]

[ 2017-08-20T23:00:48+08:00 ] ::1 /kl/kl/kuluncom/index.php/Web/Index/index.html
INFO: [ app_begin ] --START--
INFO: Run Behavior\ReadHtmlCache [ RunTime:0.000614s ]
INFO: [ app_begin ] --END-- [ RunTime:0.001152s ]
NOTIC: [8192] mysql_connect(): The mysql extension is deprecated and will be removed in the future: use mysqli or PDO instead D:\WWW\kl\kl\kuluncom\ThinkPHP\Library\Think\Db\Driver\Mysql.class.php Á¨¨ 52 Ë°å.
SQL: SHOW COLUMNS FROM `kl_common` [ RunTime:0.015202s ]
ERR: 1146:Table 'kunluns.kl_common' doesn't exist
 [ SQLËØ≠Âè• ] : SHOW COLUMNS FROM `kl_common`
SQL: SHOW COLUMNS FROM `kl_banner` [ RunTime:0.015422s ]
NOTIC: [2] Invalid argument supplied for foreach() D:\WWW\kl\kl\kuluncom\ThinkPHP\Library\Think\Db.class.php Á¨¨ 425 Ë°å.
SQL: SELECT `banner_img` FROM `kl_banner`  [ RunTime:0.000806s ]
INFO: [ view_parse ] --START--
INFO: [ template_filter ] --START--
INFO: Run Behavior\ContentReplace [ RunTime:0.000182s ]
INFO: [ template_filter ] --END-- [ RunTime:0.000315s ]
NOTIC: [8] Undefined variable: v D:\WWW\kl\kl\kuluncom\Application\Runtime\Cache\Web\c8b1e5771bc271e64e454ef6da535ec7.php Á¨¨ 67 Ë°å.
INFO: Run Behavior\ParseTemplate [ RunTime:0.031356s ]
INFO: [ view_parse ] --END-- [ RunTime:0.031474s ]
INFO: [ view_filter ] --START--
INFO: Run Behavior\WriteHtmlCache [ RunTime:0.000785s ]
INFO: [ view_filter ] --END-- [ RunTime:0.000857s ]
INFO: [ app_end ] --START--
INFO: Run Behavior\ShowPageTrace [ RunTime:0.001096s ]
INFO: [ app_end ] --END-- [ RunTime:0.001169s ]

[ 2017-08-20T23:00:51+08:00 ] ::1 /kl/kl/kuluncom/index.php/Web/Index/index.html
INFO: [ app_begin ] --START--
INFO: Run Behavior\ReadHtmlCache [ RunTime:0.000793s ]
INFO: [ app_begin ] --END-- [ RunTime:0.001447s ]
NOTIC: [8192] mysql_connect(): The mysql extension is deprecated and will be removed in the future: use mysqli or PDO instead D:\WWW\kl\kl\kuluncom\ThinkPHP\Library\Think\Db\Driver\Mysql.class.php Á¨¨ 52 Ë°å.
SQL: SHOW COLUMNS FROM `kl_common` [ RunTime:0.009246s ]
ERR: 1146:Table 'kunluns.kl_common' doesn't exist
 [ SQLËØ≠Âè• ] : SHOW COLUMNS FROM `kl_common`
SQL: SHOW COLUMNS FROM `kl_banner` [ RunTime:0.008087s ]
NOTIC: [2] Invalid argument supplied for foreach() D:\WWW\kl\kl\kuluncom\ThinkPHP\Library\Think\Db.class.php Á¨¨ 425 Ë°å.
SQL: SELECT `banner_img` FROM `kl_banner`  [ RunTime:0.000532s ]
INFO: [ view_parse ] --START--
INFO: [ template_filter ] --START--
INFO: Run Behavior\ContentReplace [ RunTime:0.000122s ]
INFO: [ template_filter ] --END-- [ RunTime:0.000217s ]
NOTIC: [8] Undefined variable: v D:\WWW\kl\kl\kuluncom\Application\Runtime\Cache\Web\c8b1e5771bc271e64e454ef6da535ec7.php Á¨¨ 67 Ë°å.
INFO: Run Behavior\ParseTemplate [ RunTime:0.014433s ]
INFO: [ view_parse ] --END-- [ RunTime:0.014518s ]
INFO: [ view_filter ] --START--
INFO: Run Behavior\WriteHtmlCache [ RunTime:0.000763s ]
INFO: [ view_filter ] --END-- [ RunTime:0.000843s ]
INFO: [ app_end ] --START--
INFO: Run Behavior\ShowPageTrace [ RunTime:0.001124s ]
INFO: [ app_end ] --END-- [ RunTime:0.001206s ]

[ 2017-08-20T23:01:04+08:00 ] ::1 /kl/kl/kuluncom/index.php/Web/Index/index.html
INFO: [ app_begin ] --START--
INFO: Run Behavior\ReadHtmlCache [ RunTime:0.000692s ]
INFO: [ app_begin ] --END-- [ RunTime:0.001270s ]
NOTIC: [8192] mysql_connect(): The mysql extension is deprecated and will be removed in the future: use mysqli or PDO instead D:\WWW\kl\kl\kuluncom\ThinkPHP\Library\Think\Db\Driver\Mysql.class.php Á¨¨ 52 Ë°å.
SQL: SHOW COLUMNS FROM `kl_common` [ RunTime:0.007807s ]
ERR: 1146:Table 'kunluns.kl_common' doesn't exist
 [ SQLËØ≠Âè• ] : SHOW COLUMNS FROM `kl_common`
SQL: SHOW COLUMNS FROM `kl_banner` [ RunTime:0.006011s ]
NOTIC: [2] Invalid argument supplied for foreach() D:\WWW\kl\kl\kuluncom\ThinkPHP\Library\Think\Db.class.php Á¨¨ 425 Ë°å.
SQL: SELECT `banner_img` FROM `kl_banner`  [ RunTime:0.000343s ]
INFO: [ view_parse ] --START--
INFO: [ template_filter ] --START--
INFO: Run Behavior\ContentReplace [ RunTime:0.000090s ]
INFO: [ template_filter ] --END-- [ RunTime:0.000171s ]
INFO: Run Behavior\ParseTemplate [ RunTime:0.007396s ]
INFO: [ view_parse ] --END-- [ RunTime:0.007477s ]
INFO: [ view_filter ] --START--
INFO: Run Behavior\WriteHtmlCache [ RunTime:0.000425s ]
INFO: [ view_filter ] --END-- [ RunTime:0.000470s ]
INFO: [ app_end ] --START--
INFO: Run Behavior\ShowPageTrace [ RunTime:0.000568s ]
INFO: [ app_end ] --END-- [ RunTime:0.000608s ]

[ 2017-08-20T23:02:18+08:00 ] ::1 /kl/kl/kuluncom/index.php/Web/Index/index.html
INFO: [ app_begin ] --START--
INFO: Run Behavior\ReadHtmlCache [ RunTime:0.000586s ]
INFO: [ app_begin ] --END-- [ RunTime:0.001124s ]
NOTIC: [8192] mysql_connect(): The mysql extension is deprecated and will be removed in the future: use mysqli or PDO instead D:\WWW\kl\kl\kuluncom\ThinkPHP\Library\Think\Db\Driver\Mysql.class.php Á¨¨ 52 Ë°å.
SQL: SHOW COLUMNS FROM `kl_common` [ RunTime:0.007214s ]
ERR: 1146:Table 'kunluns.kl_common' doesn't exist
 [ SQLËØ≠Âè• ] : SHOW COLUMNS FROM `kl_common`
SQL: SHOW COLUMNS FROM `kl_banner` [ RunTime:0.007573s ]
NOTIC: [2] Invalid argument supplied for foreach() D:\WWW\kl\kl\kuluncom\ThinkPHP\Library\Think\Db.class.php Á¨¨ 425 Ë°å.
SQL: SELECT `banner_img` FROM `kl_banner`  [ RunTime:0.000431s ]
INFO: [ view_parse ] --START--
INFO: [ template_filter ] --START--
INFO: Run Behavior\ContentReplace [ RunTime:0.000110s ]
INFO: [ template_filter ] --END-- [ RunTime:0.000197s ]
INFO: Run Behavior\ParseTemplate [ RunTime:0.011228s ]
INFO: [ view_parse ] --END-- [ RunTime:0.011311s ]
INFO: [ view_filter ] --START--
INFO: Run Behavior\WriteHtmlCache [ RunTime:0.000619s ]
INFO: [ view_filter ] --END-- [ RunTime:0.000685s ]
INFO: [ app_end ] --START--
INFO: Run Behavior\ShowPageTrace [ RunTime:0.000912s ]
INFO: [ app_end ] --END-- [ RunTime:0.000980s ]

[ 2017-08-20T23:02:58+08:00 ] ::1 /kl/kl/kuluncom/index.php/Web/Index/index.html
INFO: [ app_begin ] --START--
INFO: Run Behavior\ReadHtmlCache [ RunTime:0.000658s ]
INFO: [ app_begin ] --END-- [ RunTime:0.001361s ]
NOTIC: [8192] mysql_connect(): The mysql extension is deprecated and will be removed in the future: use mysqli or PDO instead D:\WWW\kl\kl\kuluncom\ThinkPHP\Library\Think\Db\Driver\Mysql.class.php Á¨¨ 52 Ë°å.
SQL: SHOW COLUMNS FROM `kl_common` [ RunTime:0.008199s ]
ERR: 1146:Table 'kunluns.kl_common' doesn't exist
 [ SQLËØ≠Âè• ] : SHOW COLUMNS FROM `kl_common`
SQL: SHOW COLUMNS FROM `kl_banner` [ RunTime:0.007954s ]
NOTIC: [2] Invalid argument supplied for foreach() D:\WWW\kl\kl\kuluncom\ThinkPHP\Library\Think\Db.class.php Á¨¨ 425 Ë°å.
SQL: SELECT `banner_img` FROM `kl_banner`  [ RunTime:0.000726s ]
INFO: [ view_parse ] --START--
INFO: [ template_filter ] --START--
INFO: Run Behavior\ContentReplace [ RunTime:0.000078s ]
INFO: [ template_filter ] --END-- [ RunTime:0.000139s ]
NOTIC: [8] Undefined variable: val D:\WWW\kl\kl\kuluncom\Application\Runtime\Cache\Web\c8b1e5771bc271e64e454ef6da535ec7.php Á¨¨ 67 Ë°å.
INFO: Run Behavior\ParseTemplate [ RunTime:0.012920s ]
INFO: [ view_parse ] --END-- [ RunTime:0.012982s ]
INFO: [ view_filter ] --START--
INFO: Run Behavior\WriteHtmlCache [ RunTime:0.000475s ]
INFO: [ view_filter ] --END-- [ RunTime:0.000521s ]
INFO: [ app_end ] --START--
INFO: Run Behavior\ShowPageTrace [ RunTime:0.000698s ]
INFO: [ app_end ] --END-- [ RunTime:0.000743s ]

[ 2017-08-20T23:03:07+08:00 ] ::1 /kl/kl/kuluncom/index.php/Web/Index/index.html
INFO: [ app_begin ] --START--
INFO: Run Behavior\ReadHtmlCache [ RunTime:0.000623s ]
INFO: [ app_begin ] --END-- [ RunTime:0.001180s ]
NOTIC: [8192] mysql_connect(): The mysql extension is deprecated and will be removed in the future: use mysqli or PDO instead D:\WWW\kl\kl\kuluncom\ThinkPHP\Library\Think\Db\Driver\Mysql.class.php Á¨¨ 52 Ë°å.
SQL: SHOW COLUMNS FROM `kl_common` [ RunTime:0.014772s ]
ERR: 1146:Table 'kunluns.kl_common' doesn't exist
 [ SQLËØ≠Âè• ] : SHOW COLUMNS FROM `kl_common`
SQL: SHOW COLUMNS FROM `kl_banner` [ RunTime:0.012238s ]
NOTIC: [2] Invalid argument supplied for foreach() D:\WWW\kl\kl\kuluncom\ThinkPHP\Library\Think\Db.class.php Á¨¨ 425 Ë°å.
SQL: SELECT `banner_img` FROM `kl_banner`  [ RunTime:0.000481s ]
INFO: [ view_parse ] --START--
INFO: [ template_filter ] --START--
INFO: Run Behavior\ContentReplace [ RunTime:0.000101s ]
INFO: [ template_filter ] --END-- [ RunTime:0.000183s ]
NOTIC: [8] Undefined variable: val D:\WWW\kl\kl\kuluncom\Application\Runtime\Cache\Web\c8b1e5771bc271e64e454ef6da535ec7.php Á¨¨ 67 Ë°å.
INFO: Run Behavior\ParseTemplate [ RunTime:0.011541s ]
INFO: [ view_parse ] --END-- [ RunTime:0.011609s ]
INFO: [ view_filter ] --START--
INFO: Run Behavior\WriteHtmlCache [ RunTime:0.000620s ]
INFO: [ view_filter ] --END-- [ RunTime:0.000685s ]
INFO: [ app_end ] --START--
INFO: Run Behavior\ShowPageTrace [ RunTime:0.000993s ]
INFO: [ app_end ] --END-- [ RunTime:0.001098s ]

[ 2017-08-20T23:03:20+08:00 ] ::1 /kl/kl/kuluncom/index.php/Web/Index/index.html
INFO: [ app_begin ] --START--
INFO: Run Behavior\ReadHtmlCache [ RunTime:0.000635s ]
INFO: [ app_begin ] --END-- [ RunTime:0.001235s ]
NOTIC: [8192] mysql_connect(): The mysql extension is deprecated and will be removed in the future: use mysqli or PDO instead D:\WWW\kl\kl\kuluncom\ThinkPHP\Library\Think\Db\Driver\Mysql.class.php Á¨¨ 52 Ë°å.
SQL: SHOW COLUMNS FROM `kl_common` [ RunTime:0.013079s ]
ERR: 1146:Table 'kunluns.kl_common' doesn't exist
 [ SQLËØ≠Âè• ] : SHOW COLUMNS FROM `kl_common`
SQL: SHOW COLUMNS FROM `kl_banner` [ RunTime:0.015726s ]
NOTIC: [2] Invalid argument supplied for foreach() D:\WWW\kl\kl\kuluncom\ThinkPHP\Library\Think\Db.class.php Á¨¨ 425 Ë°å.
SQL: SELECT `banner_img` FROM `kl_banner`  [ RunTime:0.000915s ]
INFO: [ view_parse ] --START--
INFO: [ template_filter ] --START--
INFO: Run Behavior\ContentReplace [ RunTime:0.000067s ]
INFO: [ template_filter ] --END-- [ RunTime:0.000123s ]
INFO: Run Behavior\ParseTemplate [ RunTime:0.017135s ]
INFO: [ view_parse ] --END-- [ RunTime:0.017245s ]
INFO: [ view_filter ] --START--
INFO: Run Behavior\WriteHtmlCache [ RunTime:0.000361s ]
INFO: [ view_filter ] --END-- [ RunTime:0.000407s ]
INFO: [ app_end ] --START--
INFO: Run Behavior\ShowPageTrace [ RunTime:0.000600s ]
INFO: [ app_end ] --END-- [ RunTime:0.000639s ]

[ 2017-08-20T23:04:15+08:00 ] ::1 /kl/kl/kuluncom/index.php/Web/Index/index.html
INFO: [ app_begin ] --START--
INFO: Run Behavior\ReadHtmlCache [ RunTime:0.000759s ]
INFO: [ app_begin ] --END-- [ RunTime:0.001445s ]
NOTIC: [8192] mysql_connect(): The mysql extension is deprecated and will be removed in the future: use mysqli or PDO instead D:\WWW\kl\kl\kuluncom\ThinkPHP\Library\Think\Db\Driver\Mysql.class.php Á¨¨ 52 Ë°å.
SQL: SHOW COLUMNS FROM `kl_common` [ RunTime:0.006860s ]
ERR: 1146:Table 'kunluns.kl_common' doesn't exist
 [ SQLËØ≠Âè• ] : SHOW COLUMNS FROM `kl_common`
SQL: SHOW COLUMNS FROM `kl_banner` [ RunTime:0.006477s ]
NOTIC: [2] Invalid argument supplied for foreach() D:\WWW\kl\kl\kuluncom\ThinkPHP\Library\Think\Db.class.php Á¨¨ 425 Ë°å.
SQL: SELECT `banner_img` FROM `kl_banner`  [ RunTime:0.000421s ]
INFO: [ view_parse ] --START--
INFO: [ template_filter ] --START--
INFO: Run Behavior\ContentReplace [ RunTime:0.000094s ]
INFO: [ template_filter ] --END-- [ RunTime:0.000171s ]
INFO: Run Behavior\ParseTemplate [ RunTime:0.011199s ]
INFO: [ view_parse ] --END-- [ RunTime:0.011281s ]
INFO: [ view_filter ] --START--
INFO: Run Behavior\WriteHtmlCache [ RunTime:0.000613s ]
INFO: [ view_filter ] --END-- [ RunTime:0.000676s ]
INFO: [ app_end ] --START--
INFO: Run Behavior\ShowPageTrace [ RunTime:0.000870s ]
INFO: [ app_end ] --END-- [ RunTime:0.000934s ]

[ 2017-08-20T23:04:19+08:00 ] ::1 /kl/kl/kuluncom/index.php/Web/Index/index.html
INFO: [ app_begin ] --START--
INFO: Run Behavior\ReadHtmlCache [ RunTime:0.000588s ]
INFO: [ app_begin ] --END-- [ RunTime:0.001151s ]
NOTIC: [8192] mysql_connect(): The mysql extension is deprecated and will be removed in the future: use mysqli or PDO instead D:\WWW\kl\kl\kuluncom\ThinkPHP\Library\Think\Db\Driver\Mysql.class.php Á¨¨ 52 Ë°å.
SQL: SHOW COLUMNS FROM `kl_common` [ RunTime:0.004850s ]
ERR: 1146:Table 'kunluns.kl_common' doesn't exist
 [ SQLËØ≠Âè• ] : SHOW COLUMNS FROM `kl_common`
SQL: SHOW COLUMNS FROM `kl_banner` [ RunTime:0.004723s ]
NOTIC: [2] Invalid argument supplied for foreach() D:\WWW\kl\kl\kuluncom\ThinkPHP\Library\Think\Db.class.php Á¨¨ 425 Ë°å.
SQL: SELECT `banner_img` FROM `kl_banner`  [ RunTime:0.000367s ]
INFO: [ view_parse ] --START--
INFO: [ template_filter ] --START--
INFO: Run Behavior\ContentReplace [ RunTime:0.000065s ]
INFO: [ template_filter ] --END-- [ RunTime:0.000158s ]
INFO: Run Behavior\ParseTemplate [ RunTime:0.008118s ]
INFO: [ view_parse ] --END-- [ RunTime:0.008190s ]
INFO: [ view_filter ] --START--
INFO: Run Behavior\WriteHtmlCache [ RunTime:0.000429s ]
INFO: [ view_filter ] --END-- [ RunTime:0.000468s ]
INFO: [ app_end ] --START--
INFO: Run Behavior\ShowPageTrace [ RunTime:0.000631s ]
INFO: [ app_end ] --END-- [ RunTime:0.000674s ]

[ 2017-08-20T23:04:56+08:00 ] ::1 /kl/kl/kuluncom/index.php/Web/Index/index.html
INFO: [ app_begin ] --START--
INFO: Run Behavior\ReadHtmlCache [ RunTime:0.000567s ]
INFO: [ app_begin ] --END-- [ RunTime:0.001129s ]
NOTIC: [8192] mysql_connect(): The mysql extension is deprecated and will be removed in the future: use mysqli or PDO instead D:\WWW\kl\kl\kuluncom\ThinkPHP\Library\Think\Db\Driver\Mysql.class.php Á¨¨ 52 Ë°å.
SQL: SHOW COLUMNS FROM `kl_common` [ RunTime:0.006621s ]
ERR: 1146:Table 'kunluns.kl_common' doesn't exist
 [ SQLËØ≠Âè• ] : SHOW COLUMNS FROM `kl_common`
SQL: SHOW COLUMNS FROM `kl_banner` [ RunTime:0.007183s ]
NOTIC: [2] Invalid argument supplied for foreach() D:\WWW\kl\kl\kuluncom\ThinkPHP\Library\Think\Db.class.php Á¨¨ 425 Ë°å.
SQL: SELECT `banner_img` FROM `kl_banner`  [ RunTime:0.000808s ]
INFO: [ view_parse ] --START--
INFO: [ template_filter ] --START--
INFO: Run Behavior\ContentReplace [ RunTime:0.000146s ]
INFO: [ template_filter ] --END-- [ RunTime:0.000221s ]
INFO: Run Behavior\ParseTemplate [ RunTime:0.012879s ]
INFO: [ view_parse ] --END-- [ RunTime:0.012993s ]
INFO: [ view_filter ] --START--
INFO: Run Behavior\WriteHtmlCache [ RunTime:0.000579s ]
INFO: [ view_filter ] --END-- [ RunTime:0.000648s ]
INFO: [ app_end ] --START--
INFO: Run Behavior\ShowPageTrace [ RunTime:0.001270s ]
INFO: [ app_end ] --END-- [ RunTime:0.001382s ]

[ 2017-08-20T23:05:01+08:00 ] ::1 /kl/kl/kuluncom/index.php/Web/Index/index.html
INFO: [ app_begin ] --START--
INFO: Run Behavior\ReadHtmlCache [ RunTime:0.000650s ]
INFO: [ app_begin ] --END-- [ RunTime:0.001258s ]
NOTIC: [8192] mysql_connect(): The mysql extension is deprecated and will be removed in the future: use mysqli or PDO instead D:\WWW\kl\kl\kuluncom\ThinkPHP\Library\Think\Db\Driver\Mysql.class.php Á¨¨ 52 Ë°å.
SQL: SHOW COLUMNS FROM `kl_common` [ RunTime:0.016495s ]
ERR: 1146:Table 'kunluns.kl_common' doesn't exist
 [ SQLËØ≠Âè• ] : SHOW COLUMNS FROM `kl_common`
SQL: SHOW COLUMNS FROM `kl_banner` [ RunTime:0.015872s ]
NOTIC: [2] Invalid argument supplied for foreach() D:\WWW\kl\kl\kuluncom\ThinkPHP\Library\Think\Db.class.php Á¨¨ 425 Ë°å.
SQL: SELECT `banner_img` FROM `kl_banner`  [ RunTime:0.000814s ]
INFO: [ view_parse ] --START--
INFO: [ template_filter ] --START--
INFO: Run Behavior\ContentReplace [ RunTime:0.000084s ]
INFO: [ template_filter ] --END-- [ RunTime:0.000134s ]
INFO: Run Behavior\ParseTemplate [ RunTime:0.011714s ]
INFO: [ view_parse ] --END-- [ RunTime:0.011829s ]
INFO: [ view_filter ] --START--
INFO: Run Behavior\WriteHtmlCache [ RunTime:0.000516s ]
INFO: [ view_filter ] --END-- [ RunTime:0.000557s ]
INFO: [ app_end ] --START--
INFO: Run Behavior\ShowPageTrace [ RunTime:0.000730s ]
INFO: [ app_end ] --END-- [ RunTime:0.000779s ]

[ 2017-08-20T23:22:49+08:00 ] ::1 /kl/kl/kuluncom/index.php/Web/Index/index.html
INFO: [ app_begin ] --START--
INFO: Run Behavior\ReadHtmlCache [ RunTime:0.000850s ]
INFO: [ app_begin ] --END-- [ RunTime:0.001569s ]
NOTIC: [8192] mysql_connect(): The mysql extension is deprecated and will be removed in the future: use mysqli or PDO instead D:\WWW\kl\kl\kuluncom\ThinkPHP\Library\Think\Db\Driver\Mysql.class.php Á¨¨ 52 Ë°å.
SQL: SHOW COLUMNS FROM `kl_common` [ RunTime:0.009975s ]
ERR: 1146:Table 'kunluns.kl_common' doesn't exist
 [ SQLËØ≠Âè• ] : SHOW COLUMNS FROM `kl_common`
SQL: SHOW COLUMNS FROM `kl_banner` [ RunTime:0.010769s ]
NOTIC: [2] Invalid argument supplied for foreach() D:\WWW\kl\kl\kuluncom\ThinkPHP\Library\Think\Db.class.php Á¨¨ 425 Ë°å.
SQL: SELECT `banner_img` FROM `kl_banner`  [ RunTime:0.000544s ]
INFO: [ view_parse ] --START--
INFO: [ template_filter ] --START--
INFO: Run Behavior\ContentReplace [ RunTime:0.000124s ]
INFO: [ template_filter ] --END-- [ RunTime:0.000175s ]
INFO: Run Behavior\ParseTemplate [ RunTime:0.021213s ]
INFO: [ view_parse ] --END-- [ RunTime:0.021276s ]
INFO: [ view_filter ] --START--
INFO: Run Behavior\WriteHtmlCache [ RunTime:0.000507s ]
INFO: [ view_filter ] --END-- [ RunTime:0.000545s ]
INFO: [ app_end ] --START--
INFO: Run Behavior\ShowPageTrace [ RunTime:0.001148s ]
INFO: [ app_end ] --END-- [ RunTime:0.001266s ]

[ 2017-08-20T23:23:55+08:00 ] ::1 /kl/kl/kuluncom/index.php/Web/Index/index.html
INFO: [ app_begin ] --START--
INFO: Run Behavior\ReadHtmlCache [ RunTime:0.000828s ]
INFO: [ app_begin ] --END-- [ RunTime:0.001546s ]
NOTIC: [8192] mysql_connect(): The mysql extension is deprecated and will be removed in the future: use mysqli or PDO instead D:\WWW\kl\kl\kuluncom\ThinkPHP\Library\Think\Db\Driver\Mysql.class.php Á¨¨ 52 Ë°å.
SQL: SHOW COLUMNS FROM `kl_common` [ RunTime:0.008324s ]
ERR: 1146:Table 'kunluns.kl_common' doesn't exist
 [ SQLËØ≠Âè• ] : SHOW COLUMNS FROM `kl_common`
SQL: SHOW COLUMNS FROM `kl_banner` [ RunTime:0.009929s ]
NOTIC: [2] Invalid argument supplied for foreach() D:\WWW\kl\kl\kuluncom\ThinkPHP\Library\Think\Db.class.php Á¨¨ 425 Ë°å.
SQL: SELECT `banner_img` FROM `kl_banner`  [ RunTime:0.000544s ]
SQL: SHOW COLUMNS FROM `kl_content` [ RunTime:0.009996s ]
NOTIC: [8] Undefined variable: filed2 D:\WWW\kl\kl\kuluncom\Application\Web\Model\CommonModel.class.php Á¨¨ 187 Ë°å.
NOTIC: [2] Invalid argument supplied for foreach() D:\WWW\kl\kl\kuluncom\ThinkPHP\Library\Think\Db.class.php Á¨¨ 425 Ë°å.
SQL: SELECT `id`,`title`,`content`,`ftime`,`v_id`,`read`,`u_id` FROM `kl_content` INNER JOIN admin_user ON contentadmin_user   [ RunTime:0.001030s ]
ERR: 1146:Table 'kunluns.admin_user' doesn't exist
 [ SQLËØ≠Âè• ] : SELECT `id`,`title`,`content`,`ftime`,`v_id`,`read`,`u_id` FROM `kl_content` INNER JOIN admin_user ON contentadmin_user  

[ 2017-08-20T23:24:54+08:00 ] ::1 /kl/kl/kuluncom/index.php/Web/Index/index.html
INFO: [ app_begin ] --START--
INFO: Run Behavior\ReadHtmlCache [ RunTime:0.000654s ]
INFO: [ app_begin ] --END-- [ RunTime:0.001226s ]
NOTIC: [8192] mysql_connect(): The mysql extension is deprecated and will be removed in the future: use mysqli or PDO instead D:\WWW\kl\kl\kuluncom\ThinkPHP\Library\Think\Db\Driver\Mysql.class.php Á¨¨ 52 Ë°å.
SQL: SHOW COLUMNS FROM `kl_common` [ RunTime:0.009138s ]
ERR: 1146:Table 'kunluns.kl_common' doesn't exist
 [ SQLËØ≠Âè• ] : SHOW COLUMNS FROM `kl_common`
SQL: SHOW COLUMNS FROM `kl_banner` [ RunTime:0.009752s ]
NOTIC: [2] Invalid argument supplied for foreach() D:\WWW\kl\kl\kuluncom\ThinkPHP\Library\Think\Db.class.php Á¨¨ 425 Ë°å.
SQL: SELECT `banner_img` FROM `kl_banner`  [ RunTime:0.000510s ]
SQL: SHOW COLUMNS FROM `kl_content` [ RunTime:0.006113s ]
NOTIC: [8] Undefined variable: filed2 D:\WWW\kl\kl\kuluncom\Application\Web\Model\CommonModel.class.php Á¨¨ 187 Ë°å.
NOTIC: [2] Invalid argument supplied for foreach() D:\WWW\kl\kl\kuluncom\ThinkPHP\Library\Think\Db.class.php Á¨¨ 425 Ë°å.
SQL: SELECT `id`,`title`,`content`,`ftime`,`v_id`,`read`,`u_id` FROM `kl_content` INNER JOIN kl_admin_user ON contentkl_admin_user   [ RunTime:0.000278s ]
ERR: 1052:Column 'u_id' in field list is ambiguous
 [ SQLËØ≠Âè• ] : SELECT `id`,`title`,`content`,`ftime`,`v_id`,`read`,`u_id` FROM `kl_content` INNER JOIN kl_admin_user ON contentkl_admin_user  

[ 2017-08-20T23:25:35+08:00 ] ::1 /kl/kl/kuluncom/index.php/Web/Index/index.html
INFO: [ app_begin ] --START--
INFO: Run Behavior\ReadHtmlCache [ RunTime:0.000615s ]
INFO: [ app_begin ] --END-- [ RunTime:0.001129s ]
NOTIC: [8192] mysql_connect(): The mysql extension is deprecated and will be removed in the future: use mysqli or PDO instead D:\WWW\kl\kl\kuluncom\ThinkPHP\Library\Think\Db\Driver\Mysql.class.php Á¨¨ 52 Ë°å.
SQL: SHOW COLUMNS FROM `kl_common` [ RunTime:0.004931s ]
ERR: 1146:Table 'kunluns.kl_common' doesn't exist
 [ SQLËØ≠Âè• ] : SHOW COLUMNS FROM `kl_common`
SQL: SHOW COLUMNS FROM `kl_banner` [ RunTime:0.004227s ]
NOTIC: [2] Invalid argument supplied for foreach() D:\WWW\kl\kl\kuluncom\ThinkPHP\Library\Think\Db.class.php Á¨¨ 425 Ë°å.
SQL: SELECT `banner_img` FROM `kl_banner`  [ RunTime:0.000318s ]
SQL: SHOW COLUMNS FROM `kl_content` [ RunTime:0.004548s ]
NOTIC: [8] Undefined variable: filed2 D:\WWW\kl\kl\kuluncom\Application\Web\Model\CommonModel.class.php Á¨¨ 187 Ë°å.
NOTIC: [2] Invalid argument supplied for foreach() D:\WWW\kl\kl\kuluncom\ThinkPHP\Library\Think\Db.class.php Á¨¨ 425 Ë°å.
SQL: SELECT `id`,`title`,`content`,`ftime`,`v_id`,`read`,`u_id` FROM `kl_content` INNER JOIN kl_admin_user ON contentkl_admin_user   [ RunTime:0.000254s ]
ERR: 1052:Column 'u_id' in field list is ambiguous
 [ SQLËØ≠Âè• ] : SELECT `id`,`title`,`content`,`ftime`,`v_id`,`read`,`u_id` FROM `kl_content` INNER JOIN kl_admin_user ON contentkl_admin_user  

[ 2017-08-20T23:26:16+08:00 ] ::1 /kl/kl/kuluncom/index.php/Web/Index/index.html
INFO: [ app_begin ] --START--
INFO: Run Behavior\ReadHtmlCache [ RunTime:0.000672s ]
INFO: [ app_begin ] --END-- [ RunTime:0.001228s ]
NOTIC: [8192] mysql_connect(): The mysql extension is deprecated and will be removed in the future: use mysqli or PDO instead D:\WWW\kl\kl\kuluncom\ThinkPHP\Library\Think\Db\Driver\Mysql.class.php Á¨¨ 52 Ë°å.
SQL: SHOW COLUMNS FROM `kl_common` [ RunTime:0.007705s ]
ERR: 1146:Table 'kunluns.kl_common' doesn't exist
 [ SQLËØ≠Âè• ] : SHOW COLUMNS FROM `kl_common`
SQL: SHOW COLUMNS FROM `kl_banner` [ RunTime:0.010275s ]
NOTIC: [2] Invalid argument supplied for foreach() D:\WWW\kl\kl\kuluncom\ThinkPHP\Library\Think\Db.class.php Á¨¨ 425 Ë°å.
SQL: SELECT `banner_img` FROM `kl_banner`  [ RunTime:0.000572s ]
SQL: SHOW COLUMNS FROM `kl_content` [ RunTime:0.007154s ]
NOTIC: [8] Undefined variable: filed1 D:\WWW\kl\kl\kuluncom\Application\Web\Model\CommonModel.class.php Á¨¨ 187 Ë°å.
NOTIC: [8] Undefined variable: filed2 D:\WWW\kl\kl\kuluncom\Application\Web\Model\CommonModel.class.php Á¨¨ 187 Ë°å.
NOTIC: [2] Invalid argument supplied for foreach() D:\WWW\kl\kl\kuluncom\ThinkPHP\Library\Think\Db.class.php Á¨¨ 425 Ë°å.
SQL: SELECT `id`,`title`,`content`,`ftime`,`v_id`,`read`,`u_id` FROM `kl_content` INNER JOIN kl_admin_user ON content=kl_admin_user   [ RunTime:0.000388s ]
ERR: 1052:Column 'u_id' in field list is ambiguous
 [ SQLËØ≠Âè• ] : SELECT `id`,`title`,`content`,`ftime`,`v_id`,`read`,`u_id` FROM `kl_content` INNER JOIN kl_admin_user ON content=kl_admin_user  

[ 2017-08-20T23:26:46+08:00 ] ::1 /kl/kl/kuluncom/index.php/Web/Index/index.html
INFO: [ app_begin ] --START--
INFO: Run Behavior\ReadHtmlCache [ RunTime:0.000581s ]
INFO: [ app_begin ] --END-- [ RunTime:0.001146s ]
NOTIC: [8192] mysql_connect(): The mysql extension is deprecated and will be removed in the future: use mysqli or PDO instead D:\WWW\kl\kl\kuluncom\ThinkPHP\Library\Think\Db\Driver\Mysql.class.php Á¨¨ 52 Ë°å.
SQL: SHOW COLUMNS FROM `kl_common` [ RunTime:0.006505s ]
ERR: 1146:Table 'kunluns.kl_common' doesn't exist
 [ SQLËØ≠Âè• ] : SHOW COLUMNS FROM `kl_common`
SQL: SHOW COLUMNS FROM `kl_banner` [ RunTime:0.008053s ]
NOTIC: [2] Invalid argument supplied for foreach() D:\WWW\kl\kl\kuluncom\ThinkPHP\Library\Think\Db.class.php Á¨¨ 425 Ë°å.
SQL: SELECT `banner_img` FROM `kl_banner`  [ RunTime:0.000499s ]
SQL: SHOW COLUMNS FROM `kl_content` [ RunTime:0.007009s ]
NOTIC: [8] Undefined variable: filed1 D:\WWW\kl\kl\kuluncom\Application\Web\Model\CommonModel.class.php Á¨¨ 187 Ë°å.
NOTIC: [8] Undefined variable: filed2 D:\WWW\kl\kl\kuluncom\Application\Web\Model\CommonModel.class.php Á¨¨ 187 Ë°å.
NOTIC: [2] Invalid argument supplied for foreach() D:\WWW\kl\kl\kuluncom\ThinkPHP\Library\Think\Db.class.php Á¨¨ 425 Ë°å.
SQL: SELECT `id`,`title`,`content`,`ftime`,`v_id`,`read`,`u_id` FROM `kl_content` INNER JOIN kl_admin_user ON content.=kl_admin_user.   [ RunTime:0.029786s ]
ERR: 1064:You have an error in your SQL syntax; check the manual that corresponds to your MySQL server version for the right syntax to use near '=kl_admin_user.' at line 1
 [ SQLËØ≠Âè• ] : SELECT `id`,`title`,`content`,`ftime`,`v_id`,`read`,`u_id` FROM `kl_content` INNER JOIN kl_admin_user ON content.=kl_admin_user.  

[ 2017-08-20T23:27:19+08:00 ] ::1 /kl/kl/kuluncom/index.php/Web/Index/index.html
INFO: [ app_begin ] --START--
INFO: Run Behavior\ReadHtmlCache [ RunTime:0.000882s ]
INFO: [ app_begin ] --END-- [ RunTime:0.001440s ]
NOTIC: [8192] mysql_connect(): The mysql extension is deprecated and will be removed in the future: use mysqli or PDO instead D:\WWW\kl\kl\kuluncom\ThinkPHP\Library\Think\Db\Driver\Mysql.class.php Á¨¨ 52 Ë°å.
SQL: SHOW COLUMNS FROM `kl_common` [ RunTime:0.013953s ]
ERR: 1146:Table 'kunluns.kl_common' doesn't exist
 [ SQLËØ≠Âè• ] : SHOW COLUMNS FROM `kl_common`
SQL: SHOW COLUMNS FROM `kl_banner` [ RunTime:0.014359s ]
NOTIC: [2] Invalid argument supplied for foreach() D:\WWW\kl\kl\kuluncom\ThinkPHP\Library\Think\Db.class.php Á¨¨ 425 Ë°å.
SQL: SELECT `banner_img` FROM `kl_banner`  [ RunTime:0.000477s ]
SQL: SHOW COLUMNS FROM `kl_content` [ RunTime:0.007895s ]
NOTIC: [2] Invalid argument supplied for foreach() D:\WWW\kl\kl\kuluncom\ThinkPHP\Library\Think\Db.class.php Á¨¨ 425 Ë°å.
SQL: SELECT `id`,`title`,`content`,`ftime`,`v_id`,`read`,`u_id` FROM `kl_content` INNER JOIN kl_admin_user ON content.u_id=kl_admin_user.u_id   [ RunTime:0.000609s ]
ERR: 1052:Column 'u_id' in field list is ambiguous
 [ SQLËØ≠Âè• ] : SELECT `id`,`title`,`content`,`ftime`,`v_id`,`read`,`u_id` FROM `kl_content` INNER JOIN kl_admin_user ON content.u_id=kl_admin_user.u_id  

[ 2017-08-20T23:27:41+08:00 ] ::1 /kl/kl/kuluncom/index.php/Web/Index/index.html
INFO: [ app_begin ] --START--
INFO: Run Behavior\ReadHtmlCache [ RunTime:0.000589s ]
INFO: [ app_begin ] --END-- [ RunTime:0.001079s ]
NOTIC: [8192] mysql_connect(): The mysql extension is deprecated and will be removed in the future: use mysqli or PDO instead D:\WWW\kl\kl\kuluncom\ThinkPHP\Library\Think\Db\Driver\Mysql.class.php Á¨¨ 52 Ë°å.
SQL: SHOW COLUMNS FROM `kl_common` [ RunTime:0.014072s ]
ERR: 1146:Table 'kunluns.kl_common' doesn't exist
 [ SQLËØ≠Âè• ] : SHOW COLUMNS FROM `kl_common`
SQL: SHOW COLUMNS FROM `kl_banner` [ RunTime:0.015604s ]
NOTIC: [2] Invalid argument supplied for foreach() D:\WWW\kl\kl\kuluncom\ThinkPHP\Library\Think\Db.class.php Á¨¨ 425 Ë°å.
SQL: SELECT `banner_img` FROM `kl_banner`  [ RunTime:0.000851s ]
SQL: SHOW COLUMNS FROM `kl_content` [ RunTime:0.010666s ]
NOTIC: [2] Invalid argument supplied for foreach() D:\WWW\kl\kl\kuluncom\ThinkPHP\Library\Think\Db.class.php Á¨¨ 425 Ë°å.
SQL: SELECT `id`,`title`,`content`,`ftime`,`v_id`,`read`,`u_id` FROM `kl_content` INNER JOIN kl_admin_user ON content.u_id=kl_admin_user.u_id   [ RunTime:0.000513s ]
ERR: 1052:Column 'u_id' in field list is ambiguous
 [ SQLËØ≠Âè• ] : SELECT `id`,`title`,`content`,`ftime`,`v_id`,`read`,`u_id` FROM `kl_content` INNER JOIN kl_admin_user ON content.u_id=kl_admin_user.u_id  

[ 2017-08-20T23:27:43+08:00 ] ::1 /kl/kl/kuluncom/index.php/Web/Index/index.html
INFO: [ app_begin ] --START--
INFO: Run Behavior\ReadHtmlCache [ RunTime:0.000731s ]
INFO: [ app_begin ] --END-- [ RunTime:0.001411s ]
NOTIC: [8192] mysql_connect(): The mysql extension is deprecated and will be removed in the future: use mysqli or PDO instead D:\WWW\kl\kl\kuluncom\ThinkPHP\Library\Think\Db\Driver\Mysql.class.php Á¨¨ 52 Ë°å.
SQL: SHOW COLUMNS FROM `kl_common` [ RunTime:0.004337s ]
ERR: 1146:Table 'kunluns.kl_common' doesn't exist
 [ SQLËØ≠Âè• ] : SHOW COLUMNS FROM `kl_common`
SQL: SHOW COLUMNS FROM `kl_banner` [ RunTime:0.005794s ]
NOTIC: [2] Invalid argument supplied for foreach() D:\WWW\kl\kl\kuluncom\ThinkPHP\Library\Think\Db.class.php Á¨¨ 425 Ë°å.
SQL: SELECT `banner_img` FROM `kl_banner`  [ RunTime:0.000310s ]
SQL: SHOW COLUMNS FROM `kl_content` [ RunTime:0.007176s ]
NOTIC: [2] Invalid argument supplied for foreach() D:\WWW\kl\kl\kuluncom\ThinkPHP\Library\Think\Db.class.php Á¨¨ 425 Ë°å.
SQL: SELECT `id`,`title`,`content`,`ftime`,`v_id`,`read`,`u_id` FROM `kl_content` INNER JOIN kl_admin_user ON content.u_id=kl_admin_user.u_id   [ RunTime:0.000334s ]
ERR: 1052:Column 'u_id' in field list is ambiguous
 [ SQLËØ≠Âè• ] : SELECT `id`,`title`,`content`,`ftime`,`v_id`,`read`,`u_id` FROM `kl_content` INNER JOIN kl_admin_user ON content.u_id=kl_admin_user.u_id  

[ 2017-08-20T23:27:51+08:00 ] ::1 /kl/kl/kuluncom/index.php/Web/Index/index.html
INFO: [ app_begin ] --START--
INFO: Run Behavior\ReadHtmlCache [ RunTime:0.000556s ]
INFO: [ app_begin ] --END-- [ RunTime:0.001104s ]
NOTIC: [8192] mysql_connect(): The mysql extension is deprecated and will be removed in the future: use mysqli or PDO instead D:\WWW\kl\kl\kuluncom\ThinkPHP\Library\Think\Db\Driver\Mysql.class.php Á¨¨ 52 Ë°å.
SQL: SHOW COLUMNS FROM `kl_common` [ RunTime:0.006412s ]
ERR: 1146:Table 'kunluns.kl_common' doesn't exist
 [ SQLËØ≠Âè• ] : SHOW COLUMNS FROM `kl_common`
SQL: SHOW COLUMNS FROM `kl_banner` [ RunTime:0.008644s ]
NOTIC: [2] Invalid argument supplied for foreach() D:\WWW\kl\kl\kuluncom\ThinkPHP\Library\Think\Db.class.php Á¨¨ 425 Ë°å.
SQL: SELECT `banner_img` FROM `kl_banner`  [ RunTime:0.000458s ]
SQL: SHOW COLUMNS FROM `kl_content` [ RunTime:0.007127s ]
NOTIC: [2] Invalid argument supplied for foreach() D:\WWW\kl\kl\kuluncom\ThinkPHP\Library\Think\Db.class.php Á¨¨ 425 Ë°å.
SQL: SELECT `id`,`title`,`content`,`ftime`,`v_id`,`read`,`u_id` FROM `kl_content` INNER JOIN kl_admin_user ON content.u_id=kl_admin_user.u_id   [ RunTime:0.000392s ]
ERR: 1052:Column 'u_id' in field list is ambiguous
 [ SQLËØ≠Âè• ] : SELECT `id`,`title`,`content`,`ftime`,`v_id`,`read`,`u_id` FROM `kl_content` INNER JOIN kl_admin_user ON content.u_id=kl_admin_user.u_id  

[ 2017-08-20T23:28:34+08:00 ] ::1 /kl/kl/kuluncom/index.php/Web/Index/index.html
INFO: [ app_begin ] --START--
INFO: Run Behavior\ReadHtmlCache [ RunTime:0.000742s ]
INFO: [ app_begin ] --END-- [ RunTime:0.001422s ]
NOTIC: [8192] mysql_connect(): The mysql extension is deprecated and will be removed in the future: use mysqli or PDO instead D:\WWW\kl\kl\kuluncom\ThinkPHP\Library\Think\Db\Driver\Mysql.class.php Á¨¨ 52 Ë°å.
SQL: SHOW COLUMNS FROM `kl_common` [ RunTime:0.004403s ]
ERR: 1146:Table 'kunluns.kl_common' doesn't exist
 [ SQLËØ≠Âè• ] : SHOW COLUMNS FROM `kl_common`
SQL: SHOW COLUMNS FROM `kl_banner` [ RunTime:0.006004s ]
NOTIC: [2] Invalid argument supplied for foreach() D:\WWW\kl\kl\kuluncom\ThinkPHP\Library\Think\Db.class.php Á¨¨ 425 Ë°å.
SQL: SELECT `banner_img` FROM `kl_banner`  [ RunTime:0.000392s ]
SQL: SHOW COLUMNS FROM `kl_content` [ RunTime:0.005146s ]
NOTIC: [2] Invalid argument supplied for foreach() D:\WWW\kl\kl\kuluncom\ThinkPHP\Library\Think\Db.class.php Á¨¨ 425 Ë°å.
SQL: SELECT `id`,`title`,`content`,`ftime`,`v_id`,`read`,`u_id` FROM `kl_content` INNER JOIN kl_admin_user ON kl_content.u_id=kl_admin_user.u_id   [ RunTime:0.000339s ]
ERR: 1052:Column 'u_id' in field list is ambiguous
 [ SQLËØ≠Âè• ] : SELECT `id`,`title`,`content`,`ftime`,`v_id`,`read`,`u_id` FROM `kl_content` INNER JOIN kl_admin_user ON kl_content.u_id=kl_admin_user.u_id  

[ 2017-08-20T23:30:23+08:00 ] ::1 /kl/kl/kuluncom/index.php/Web/Index/index.html
INFO: [ app_begin ] --START--
INFO: Run Behavior\ReadHtmlCache [ RunTime:0.000779s ]
INFO: [ app_begin ] --END-- [ RunTime:0.001358s ]
NOTIC: [8192] mysql_connect(): The mysql extension is deprecated and will be removed in the future: use mysqli or PDO instead D:\WWW\kl\kl\kuluncom\ThinkPHP\Library\Think\Db\Driver\Mysql.class.php Á¨¨ 52 Ë°å.
SQL: SHOW COLUMNS FROM `kl_common` [ RunTime:0.010060s ]
ERR: 1146:Table 'kunluns.kl_common' doesn't exist
 [ SQLËØ≠Âè• ] : SHOW COLUMNS FROM `kl_common`
SQL: SHOW COLUMNS FROM `kl_banner` [ RunTime:0.010003s ]
NOTIC: [2] Invalid argument supplied for foreach() D:\WWW\kl\kl\kuluncom\ThinkPHP\Library\Think\Db.class.php Á¨¨ 425 Ë°å.
SQL: SELECT `banner_img` FROM `kl_banner`  [ RunTime:0.000802s ]
SQL: SHOW COLUMNS FROM `kl_content` [ RunTime:0.010787s ]
NOTIC: [2] Invalid argument supplied for foreach() D:\WWW\kl\kl\kuluncom\ThinkPHP\Library\Think\Db.class.php Á¨¨ 425 Ë°å.
SQL: SELECT kl_content.u_id,`title`,`content`,`ftime`,`nickname`,`read` FROM `kl_content` INNER JOIN kl_admin_user ON kl_content.u_id=kl_admin_user.u_id   [ RunTime:0.082493s ]

[ 2017-08-20T23:31:14+08:00 ] ::1 /kl/kl/kuluncom/index.php/Web/Index/index.html
INFO: [ app_begin ] --START--
INFO: Run Behavior\ReadHtmlCache [ RunTime:0.000900s ]
INFO: [ app_begin ] --END-- [ RunTime:0.001441s ]
NOTIC: [8192] mysql_connect(): The mysql extension is deprecated and will be removed in the future: use mysqli or PDO instead D:\WWW\kl\kl\kuluncom\ThinkPHP\Library\Think\Db\Driver\Mysql.class.php Á¨¨ 52 Ë°å.
SQL: SHOW COLUMNS FROM `kl_common` [ RunTime:0.006414s ]
ERR: 1146:Table 'kunluns.kl_common' doesn't exist
 [ SQLËØ≠Âè• ] : SHOW COLUMNS FROM `kl_common`
SQL: SHOW COLUMNS FROM `kl_banner` [ RunTime:0.006994s ]
NOTIC: [2] Invalid argument supplied for foreach() D:\WWW\kl\kl\kuluncom\ThinkPHP\Library\Think\Db.class.php Á¨¨ 425 Ë°å.
SQL: SELECT `banner_img` FROM `kl_banner`  [ RunTime:0.000425s ]
SQL: SHOW COLUMNS FROM `kl_content` [ RunTime:0.007073s ]
NOTIC: [2] Invalid argument supplied for foreach() D:\WWW\kl\kl\kuluncom\ThinkPHP\Library\Think\Db.class.php Á¨¨ 425 Ë°å.
SQL: SELECT kl_content.u_id,`title`,`content`,`ftime`,`nickname`,`read` FROM `kl_content` INNER JOIN kl_admin_user ON kl_content.u_id=kl_admin_user.u_id   [ RunTime:0.000527s ]
INFO: [ view_parse ] --START--
INFO: [ template_filter ] --START--
INFO: Run Behavior\ContentReplace [ RunTime:0.000159s ]
INFO: [ template_filter ] --END-- [ RunTime:0.000241s ]
INFO: Run Behavior\ParseTemplate [ RunTime:0.025469s ]
INFO: [ view_parse ] --END-- [ RunTime:0.025543s ]
INFO: [ view_filter ] --START--
INFO: Run Behavior\WriteHtmlCache [ RunTime:0.000537s ]
INFO: [ view_filter ] --END-- [ RunTime:0.000581s ]
INFO: [ app_end ] --START--
INFO: Run Behavior\ShowPageTrace [ RunTime:0.000747s ]
INFO: [ app_end ] --END-- [ RunTime:0.000823s ]

[ 2017-08-20T23:32:38+08:00 ] ::1 /kl/kl/kuluncom/index.php/Web/Index/index.html
INFO: [ app_begin ] --START--
INFO: Run Behavior\ReadHtmlCache [ RunTime:0.000709s ]
INFO: [ app_begin ] --END-- [ RunTime:0.001273s ]
NOTIC: [8192] mysql_connect(): The mysql extension is deprecated and will be removed in the future: use mysqli or PDO instead D:\WWW\kl\kl\kuluncom\ThinkPHP\Library\Think\Db\Driver\Mysql.class.php Á¨¨ 52 Ë°å.
SQL: SHOW COLUMNS FROM `kl_common` [ RunTime:0.006546s ]
ERR: 1146:Table 'kunluns.kl_common' doesn't exist
 [ SQLËØ≠Âè• ] : SHOW COLUMNS FROM `kl_common`
SQL: SHOW COLUMNS FROM `kl_banner` [ RunTime:0.008469s ]
NOTIC: [2] Invalid argument supplied for foreach() D:\WWW\kl\kl\kuluncom\ThinkPHP\Library\Think\Db.class.php Á¨¨ 425 Ë°å.
SQL: SELECT `banner_img` FROM `kl_banner`  [ RunTime:0.000457s ]
SQL: SHOW COLUMNS FROM `kl_content` [ RunTime:0.007296s ]
NOTIC: [2] Invalid argument supplied for foreach() D:\WWW\kl\kl\kuluncom\ThinkPHP\Library\Think\Db.class.php Á¨¨ 425 Ë°å.
SQL: SELECT kl_content.u_id,`title`,`content`,`ftime`,`nickname`,`read` FROM `kl_content` INNER JOIN kl_admin_user ON kl_content.u_id=kl_admin_user.u_id   [ RunTime:0.000522s ]
NOTIC: [8] Undefined variable: arr D:\WWW\kl\kl\kuluncom\Application\Web\Controller\IndexController.class.php Á¨¨ 24 Ë°å.
INFO: [ view_parse ] --START--
INFO: [ template_filter ] --START--
INFO: Run Behavior\ContentReplace [ RunTime:0.000085s ]
INFO: [ template_filter ] --END-- [ RunTime:0.000131s ]
INFO: Run Behavior\ParseTemplate [ RunTime:0.009816s ]
INFO: [ view_parse ] --END-- [ RunTime:0.009877s ]
INFO: [ view_filter ] --START--
INFO: Run Behavior\WriteHtmlCache [ RunTime:0.000409s ]
INFO: [ view_filter ] --END-- [ RunTime:0.000445s ]
INFO: [ app_end ] --START--
INFO: Run Behavior\ShowPageTrace [ RunTime:0.000641s ]
INFO: [ app_end ] --END-- [ RunTime:0.000689s ]

[ 2017-08-20T23:33:00+08:00 ] ::1 /kl/kl/kuluncom/index.php/Web/Index/index.html
INFO: [ app_begin ] --START--
INFO: Run Behavior\ReadHtmlCache [ RunTime:0.000614s ]
INFO: [ app_begin ] --END-- [ RunTime:0.001225s ]
NOTIC: [8192] mysql_connect(): The mysql extension is deprecated and will be removed in the future: use mysqli or PDO instead D:\WWW\kl\kl\kuluncom\ThinkPHP\Library\Think\Db\Driver\Mysql.class.php Á¨¨ 52 Ë°å.
SQL: SHOW COLUMNS FROM `kl_common` [ RunTime:0.007012s ]
ERR: 1146:Table 'kunluns.kl_common' doesn't exist
 [ SQLËØ≠Âè• ] : SHOW COLUMNS FROM `kl_common`
SQL: SHOW COLUMNS FROM `kl_banner` [ RunTime:0.008753s ]
NOTIC: [2] Invalid argument supplied for foreach() D:\WWW\kl\kl\kuluncom\ThinkPHP\Library\Think\Db.class.php Á¨¨ 425 Ë°å.
SQL: SELECT `banner_img` FROM `kl_banner`  [ RunTime:0.000497s ]
SQL: SHOW COLUMNS FROM `kl_content` [ RunTime:0.007106s ]
NOTIC: [2] Invalid argument supplied for foreach() D:\WWW\kl\kl\kuluncom\ThinkPHP\Library\Think\Db.class.php Á¨¨ 425 Ë°å.
SQL: SELECT kl_content.u_id,`title`,`content`,`ftime`,`nickname`,`read` FROM `kl_content` INNER JOIN kl_admin_user ON kl_content.u_id=kl_admin_user.u_id   [ RunTime:0.000569s ]
INFO: [ view_parse ] --START--
INFO: [ template_filter ] --START--
INFO: Run Behavior\ContentReplace [ RunTime:0.000086s ]
INFO: [ template_filter ] --END-- [ RunTime:0.000136s ]
INFO: Run Behavior\ParseTemplate [ RunTime:0.012118s ]
INFO: [ view_parse ] --END-- [ RunTime:0.012183s ]
INFO: [ view_filter ] --START--
INFO: Run Behavior\WriteHtmlCache [ RunTime:0.000349s ]
INFO: [ view_filter ] --END-- [ RunTime:0.000386s ]
INFO: [ app_end ] --START--
INFO: Run Behavior\ShowPageTrace [ RunTime:0.000707s ]
INFO: [ app_end ] --END-- [ RunTime:0.000768s ]

[ 2017-08-20T23:36:29+08:00 ] ::1 /kl/kl/kuluncom/index.php/Web/Index/index.html
INFO: [ app_begin ] --START--
INFO: Run Behavior\ReadHtmlCache [ RunTime:0.000643s ]
INFO: [ app_begin ] --END-- [ RunTime:0.001227s ]
NOTIC: [8192] mysql_connect(): The mysql extension is deprecated and will be removed in the future: use mysqli or PDO instead D:\WWW\kl\kl\kuluncom\ThinkPHP\Library\Think\Db\Driver\Mysql.class.php Á¨¨ 52 Ë°å.
SQL: SHOW COLUMNS FROM `kl_common` [ RunTime:0.004422s ]
ERR: 1146:Table 'kunluns.kl_common' doesn't exist
 [ SQLËØ≠Âè• ] : SHOW COLUMNS FROM `kl_common`
SQL: SHOW COLUMNS FROM `kl_banner` [ RunTime:0.005610s ]
NOTIC: [2] Invalid argument supplied for foreach() D:\WWW\kl\kl\kuluncom\ThinkPHP\Library\Think\Db.class.php Á¨¨ 425 Ë°å.
SQL: SELECT `banner_img` FROM `kl_banner`  [ RunTime:0.000431s ]
SQL: SHOW COLUMNS FROM `kl_content` [ RunTime:0.004546s ]
NOTIC: [2] Invalid argument supplied for foreach() D:\WWW\kl\kl\kuluncom\ThinkPHP\Library\Think\Db.class.php Á¨¨ 425 Ë°å.
SQL: SELECT kl_content.u_id,`title`,`content`,`ftime`,`nickname`,`read` FROM `kl_content` INNER JOIN kl_admin_user ON kl_content.u_id=kl_admin_user.u_id   [ RunTime:0.000436s ]
INFO: [ view_parse ] --START--
INFO: [ template_filter ] --START--
INFO: Run Behavior\ContentReplace [ RunTime:0.000112s ]
INFO: [ template_filter ] --END-- [ RunTime:0.000190s ]
INFO: Run Behavior\ParseTemplate [ RunTime:0.010581s ]
INFO: [ view_parse ] --END-- [ RunTime:0.010645s ]
INFO: [ view_filter ] --START--
INFO: Run Behavior\WriteHtmlCache [ RunTime:0.000487s ]
INFO: [ view_filter ] --END-- [ RunTime:0.000528s ]
INFO: [ app_end ] --START--
INFO: Run Behavior\ShowPageTrace [ RunTime:0.000782s ]
INFO: [ app_end ] --END-- [ RunTime:0.000835s ]

[ 2017-08-20T23:38:45+08:00 ] ::1 /kl/kl/kuluncom/index.php/Web/Index/index.html
INFO: [ app_begin ] --START--
INFO: Run Behavior\ReadHtmlCache [ RunTime:0.000847s ]
INFO: [ app_begin ] --END-- [ RunTime:0.001519s ]
NOTIC: [8192] mysql_connect(): The mysql extension is deprecated and will be removed in the future: use mysqli or PDO instead D:\WWW\kl\kl\kuluncom\ThinkPHP\Library\Think\Db\Driver\Mysql.class.php Á¨¨ 52 Ë°å.
SQL: SHOW COLUMNS FROM `kl_common` [ RunTime:0.015907s ]
ERR: 1146:Table 'kunluns.kl_common' doesn't exist
 [ SQLËØ≠Âè• ] : SHOW COLUMNS FROM `kl_common`
SQL: SHOW COLUMNS FROM `kl_banner` [ RunTime:0.009999s ]
NOTIC: [2] Invalid argument supplied for foreach() D:\WWW\kl\kl\kuluncom\ThinkPHP\Library\Think\Db.class.php Á¨¨ 425 Ë°å.
SQL: SELECT `banner_img` FROM `kl_banner`  [ RunTime:0.000519s ]
SQL: SHOW COLUMNS FROM `kl_content` [ RunTime:0.010604s ]
NOTIC: [2] Invalid argument supplied for foreach() D:\WWW\kl\kl\kuluncom\ThinkPHP\Library\Think\Db.class.php Á¨¨ 425 Ë°å.
SQL: SELECT kl_content.u_id,`title`,`content`,`head_img`,`ftime`,`nickname`,`read` FROM `kl_content` INNER JOIN kl_admin_user ON kl_content.u_id=kl_admin_user.u_id   [ RunTime:0.000617s ]
INFO: [ view_parse ] --START--
INFO: [ template_filter ] --START--
INFO: Run Behavior\ContentReplace [ RunTime:0.000094s ]
INFO: [ template_filter ] --END-- [ RunTime:0.000150s ]
INFO: Run Behavior\ParseTemplate [ RunTime:0.019775s ]
INFO: [ view_parse ] --END-- [ RunTime:0.019853s ]
INFO: [ view_filter ] --START--
INFO: Run Behavior\WriteHtmlCache [ RunTime:0.000485s ]
INFO: [ view_filter ] --END-- [ RunTime:0.000521s ]
INFO: [ app_end ] --START--
INFO: Run Behavior\ShowPageTrace [ RunTime:0.001239s ]
INFO: [ app_end ] --END-- [ RunTime:0.001297s ]

