[ 2017-08-21T09:12:05+08:00 ] ::1 /gitkunl/kl/kuluncom/index.php
INFO: [ app_begin ] --START--
INFO: Run Behavior\ReadHtmlCache [ RunTime:0.001953s ]
INFO: [ app_begin ] --END-- [ RunTime:0.016602s ]
INFO: [ view_parse ] --START--
INFO: [ template_filter ] --START--
INFO: Run Behavior\ContentReplace [ RunTime:0.000000s ]
INFO: [ template_filter ] --END-- [ RunTime:0.000977s ]
INFO: Run Behavior\ParseTemplate [ RunTime:0.019531s ]
INFO: [ view_parse ] --END-- [ RunTime:0.019531s ]
INFO: [ view_filter ] --START--
INFO: Run Behavior\WriteHtmlCache [ RunTime:0.000977s ]
INFO: [ view_filter ] --END-- [ RunTime:0.000977s ]
INFO: [ app_end ] --START--
INFO: Run Behavior\ShowPageTrace [ RunTime:0.000976s ]
INFO: [ app_end ] --END-- [ RunTime:0.000976s ]

[ 2017-08-21T09:12:17+08:00 ] ::1 /gitkunl/kl/kuluncom/index.php/Home/Login/login.html
INFO: [ app_begin ] --START--
INFO: Run Behavior\ReadHtmlCache [ RunTime:0.000000s ]
INFO: [ app_begin ] --END-- [ RunTime:0.000976s ]
NOTIC: [2] Missing argument 1 for I(), called in D:\phpStudy\WWW\gitkunl\kl\kuluncom\Application\Home\Controller\LoginController.class.php on line 11 and defined D:\phpStudy\WWW\gitkunl\kl\kuluncom\ThinkPHP\Common\functions.php 第 220 行.
NOTIC: [8] Undefined variable: name D:\phpStudy\WWW\gitkunl\kl\kuluncom\ThinkPHP\Common\functions.php 第 221 行.
NOTIC: [8192] mysql_connect(): The mysql extension is deprecated and will be removed in the future: use mysqli or PDO instead D:\phpStudy\WWW\gitkunl\kl\kuluncom\ThinkPHP\Library\Think\Db\Driver\Mysql.class.php 第 52 行.
SQL: SHOW COLUMNS FROM `kl_common` [ RunTime:0.013672s ]
ERR: 1146:Table 'kunluns.kl_common' doesn't exist
 [ SQL语句 ] : SHOW COLUMNS FROM `kl_common`
SQL: SHOW COLUMNS FROM `kl_admin_user` [ RunTime:0.038086s ]
SQL: SELECT `u_id` FROM `kl_admin_user` WHERE ( `number` = '13361205810' ) LIMIT 1   [ RunTime:0.000976s ]

[ 2017-08-21T09:12:17+08:00 ] ::1 /gitkunl/kl/kuluncom/index.php/Home/Index/index.html
INFO: [ app_begin ] --START--
INFO: Run Behavior\ReadHtmlCache [ RunTime:0.000000s ]
INFO: [ app_begin ] --END-- [ RunTime:0.000977s ]
INFO: [ view_parse ] --START--
INFO: [ template_filter ] --START--
INFO: Run Behavior\ContentReplace [ RunTime:0.000000s ]
INFO: [ template_filter ] --END-- [ RunTime:0.000000s ]
INFO: Run Behavior\ParseTemplate [ RunTime:0.046875s ]
INFO: [ view_parse ] --END-- [ RunTime:0.046875s ]
INFO: [ view_filter ] --START--
INFO: Run Behavior\WriteHtmlCache [ RunTime:0.000000s ]
INFO: [ view_filter ] --END-- [ RunTime:0.000000s ]
INFO: [ app_end ] --START--
INFO: Run Behavior\ShowPageTrace [ RunTime:0.000976s ]
INFO: [ app_end ] --END-- [ RunTime:0.000976s ]

[ 2017-08-21T09:12:30+08:00 ] ::1 /gitkunl/kl/kuluncom/index.php/web/Index/index.html
INFO: [ app_begin ] --START--
INFO: Run Behavior\ReadHtmlCache [ RunTime:0.000977s ]
INFO: [ app_begin ] --END-- [ RunTime:0.000977s ]
INFO: [ view_parse ] --START--
INFO: [ template_filter ] --START--
INFO: Run Behavior\ContentReplace [ RunTime:0.000000s ]
INFO: [ template_filter ] --END-- [ RunTime:0.000000s ]
INFO: Run Behavior\ParseTemplate [ RunTime:0.027344s ]
INFO: [ view_parse ] --END-- [ RunTime:0.028320s ]
INFO: [ view_filter ] --START--
INFO: Run Behavior\WriteHtmlCache [ RunTime:0.000000s ]
INFO: [ view_filter ] --END-- [ RunTime:0.000000s ]
INFO: [ app_end ] --START--
INFO: Run Behavior\ShowPageTrace [ RunTime:0.000977s ]
INFO: [ app_end ] --END-- [ RunTime:0.000977s ]

[ 2017-08-21T09:16:32+08:00 ] ::1 /gitkunl/kl/kuluncom/index.php/web/Index/index.html
INFO: [ app_begin ] --START--
INFO: Run Behavior\ReadHtmlCache [ RunTime:0.000976s ]
INFO: [ app_begin ] --END-- [ RunTime:0.001953s ]
INFO: [ view_parse ] --START--
INFO: [ template_filter ] --START--
INFO: Run Behavior\ContentReplace [ RunTime:0.000000s ]
INFO: [ template_filter ] --END-- [ RunTime:0.000000s ]
INFO: Run Behavior\ParseTemplate [ RunTime:0.010742s ]
INFO: [ view_parse ] --END-- [ RunTime:0.010742s ]
INFO: [ view_filter ] --START--
INFO: Run Behavior\WriteHtmlCache [ RunTime:0.000977s ]
INFO: [ view_filter ] --END-- [ RunTime:0.000977s ]
INFO: [ app_end ] --START--
INFO: Run Behavior\ShowPageTrace [ RunTime:0.000976s ]
INFO: [ app_end ] --END-- [ RunTime:0.000976s ]

[ 2017-08-21T09:16:41+08:00 ] ::1 /gitkunl/kl/kuluncom/index.php/web/Index/index.html
INFO: [ app_begin ] --START--
INFO: Run Behavior\ReadHtmlCache [ RunTime:0.000977s ]
INFO: [ app_begin ] --END-- [ RunTime:0.000977s ]
INFO: [ view_parse ] --START--
INFO: [ template_filter ] --START--
INFO: Run Behavior\ContentReplace [ RunTime:0.000000s ]
INFO: [ template_filter ] --END-- [ RunTime:0.000000s ]
INFO: Run Behavior\ParseTemplate [ RunTime:0.010743s ]
INFO: [ view_parse ] --END-- [ RunTime:0.010743s ]
INFO: [ view_filter ] --START--
INFO: Run Behavior\WriteHtmlCache [ RunTime:0.000976s ]
INFO: [ view_filter ] --END-- [ RunTime:0.000976s ]
INFO: [ app_end ] --START--
INFO: Run Behavior\ShowPageTrace [ RunTime:0.000977s ]
INFO: [ app_end ] --END-- [ RunTime:0.000977s ]

[ 2017-08-21T09:27:08+08:00 ] ::1 /gitkunl/kl/kuluncom/index.php/web/Index/index.html
INFO: [ app_begin ] --START--
INFO: Run Behavior\ReadHtmlCache [ RunTime:0.000976s ]
INFO: [ app_begin ] --END-- [ RunTime:0.000976s ]
NOTIC: [8192] mysql_connect(): The mysql extension is deprecated and will be removed in the future: use mysqli or PDO instead D:\phpStudy\WWW\gitkunl\kl\kuluncom\ThinkPHP\Library\Think\Db\Driver\Mysql.class.php 第 52 行.
SQL: SHOW COLUMNS FROM `kl_common` [ RunTime:0.004883s ]
ERR: 1146:Table 'kunluns.kl_common' doesn't exist
 [ SQL语句 ] : SHOW COLUMNS FROM `kl_common`
SQL: SHOW COLUMNS FROM `kl_banner` [ RunTime:0.024414s ]
NOTIC: [2] Invalid argument supplied for foreach() D:\phpStudy\WWW\gitkunl\kl\kuluncom\ThinkPHP\Library\Think\Db.class.php 第 425 行.
SQL: SELECT `banner_img` FROM `kl_banner`  [ RunTime:0.000000s ]
SQL: SHOW COLUMNS FROM `kl_content` [ RunTime:0.007812s ]
NOTIC: [2] Invalid argument supplied for foreach() D:\phpStudy\WWW\gitkunl\kl\kuluncom\ThinkPHP\Library\Think\Db.class.php 第 425 行.
SQL: SELECT kl_content.u_id,`title`,`content`,`head_img`,`ftime`,`nickname`,`read` FROM `kl_content` INNER JOIN kl_admin_user ON kl_content.u_id=kl_admin_user.u_id   [ RunTime:0.006836s ]
INFO: [ view_parse ] --START--
INFO: [ template_filter ] --START--
INFO: Run Behavior\ContentReplace [ RunTime:0.000000s ]
INFO: [ template_filter ] --END-- [ RunTime:0.000000s ]
INFO: Run Behavior\ParseTemplate [ RunTime:0.013671s ]
INFO: [ view_parse ] --END-- [ RunTime:0.013671s ]
INFO: [ view_filter ] --START--
INFO: Run Behavior\WriteHtmlCache [ RunTime:0.000000s ]
INFO: [ view_filter ] --END-- [ RunTime:0.000000s ]
INFO: [ app_end ] --START--
INFO: Run Behavior\ShowPageTrace [ RunTime:0.000000s ]
INFO: [ app_end ] --END-- [ RunTime:0.000000s ]

[ 2017-08-21T09:28:49+08:00 ] ::1 /gitkunl/kl/kuluncom/index.php/web/Index/index.html
INFO: [ app_begin ] --START--
INFO: Run Behavior\ReadHtmlCache [ RunTime:0.000976s ]
INFO: [ app_begin ] --END-- [ RunTime:0.000976s ]
NOTIC: [8192] mysql_connect(): The mysql extension is deprecated and will be removed in the future: use mysqli or PDO instead D:\phpStudy\WWW\gitkunl\kl\kuluncom\ThinkPHP\Library\Think\Db\Driver\Mysql.class.php 第 52 行.
SQL: SHOW COLUMNS FROM `kl_common` [ RunTime:0.005859s ]
ERR: 1146:Table 'kunluns.kl_common' doesn't exist
 [ SQL语句 ] : SHOW COLUMNS FROM `kl_common`
SQL: SHOW COLUMNS FROM `kl_banner` [ RunTime:0.004883s ]
NOTIC: [2] Invalid argument supplied for foreach() D:\phpStudy\WWW\gitkunl\kl\kuluncom\ThinkPHP\Library\Think\Db.class.php 第 425 行.
SQL: SELECT `banner_img` FROM `kl_banner`  [ RunTime:0.000977s ]
SQL: SHOW COLUMNS FROM `kl_content` [ RunTime:0.004883s ]
NOTIC: [2] Invalid argument supplied for foreach() D:\phpStudy\WWW\gitkunl\kl\kuluncom\ThinkPHP\Library\Think\Db.class.php 第 425 行.
SQL: SELECT kl_content.u_id,`title`,`content`,`head_img`,`ftime`,`nickname`,`read` FROM `kl_content` INNER JOIN kl_admin_user ON kl_content.u_id=kl_admin_user.u_id   [ RunTime:0.000976s ]
INFO: [ view_parse ] --START--
INFO: [ template_filter ] --START--
INFO: Run Behavior\ContentReplace [ RunTime:0.000000s ]
INFO: [ template_filter ] --END-- [ RunTime:0.000000s ]
INFO: Run Behavior\ParseTemplate [ RunTime:0.012695s ]
INFO: [ view_parse ] --END-- [ RunTime:0.012695s ]
INFO: [ view_filter ] --START--
INFO: Run Behavior\WriteHtmlCache [ RunTime:0.000000s ]
INFO: [ view_filter ] --END-- [ RunTime:0.000000s ]
INFO: [ app_end ] --START--
INFO: Run Behavior\ShowPageTrace [ RunTime:0.000000s ]
INFO: [ app_end ] --END-- [ RunTime:0.000977s ]

[ 2017-08-21T09:29:30+08:00 ] ::1 /gitkunl/kl/kuluncom/index.php/web/Index/index.html
INFO: [ app_begin ] --START--
INFO: Run Behavior\ReadHtmlCache [ RunTime:0.000000s ]
INFO: [ app_begin ] --END-- [ RunTime:0.001953s ]
NOTIC: [8192] mysql_connect(): The mysql extension is deprecated and will be removed in the future: use mysqli or PDO instead D:\phpStudy\WWW\gitkunl\kl\kuluncom\ThinkPHP\Library\Think\Db\Driver\Mysql.class.php 第 52 行.
SQL: SHOW COLUMNS FROM `kl_common` [ RunTime:0.005859s ]
ERR: 1146:Table 'kunluns.kl_common' doesn't exist
 [ SQL语句 ] : SHOW COLUMNS FROM `kl_common`
SQL: SHOW COLUMNS FROM `kl_banner` [ RunTime:0.004883s ]
NOTIC: [2] Invalid argument supplied for foreach() D:\phpStudy\WWW\gitkunl\kl\kuluncom\ThinkPHP\Library\Think\Db.class.php 第 425 行.
SQL: SELECT `banner_img` FROM `kl_banner`  [ RunTime:0.000000s ]
SQL: SHOW COLUMNS FROM `kl_content` [ RunTime:0.004883s ]
NOTIC: [2] Invalid argument supplied for foreach() D:\phpStudy\WWW\gitkunl\kl\kuluncom\ThinkPHP\Library\Think\Db.class.php 第 425 行.
SQL: SELECT kl_content.u_id,`title`,`content`,`head_img`,`ftime`,`nickname`,`read` FROM `kl_content` INNER JOIN kl_admin_user ON kl_content.u_id=kl_admin_user.u_id   [ RunTime:0.000976s ]
INFO: [ view_parse ] --START--
INFO: [ template_filter ] --START--
INFO: Run Behavior\ContentReplace [ RunTime:0.000000s ]
INFO: [ template_filter ] --END-- [ RunTime:0.000000s ]
INFO: Run Behavior\ParseTemplate [ RunTime:0.013672s ]
INFO: [ view_parse ] --END-- [ RunTime:0.013672s ]
INFO: [ view_filter ] --START--
INFO: Run Behavior\WriteHtmlCache [ RunTime:0.000977s ]
INFO: [ view_filter ] --END-- [ RunTime:0.000977s ]
INFO: [ app_end ] --START--
INFO: Run Behavior\ShowPageTrace [ RunTime:0.000976s ]
INFO: [ app_end ] --END-- [ RunTime:0.000976s ]

[ 2017-08-21T09:30:32+08:00 ] ::1 /gitkunl/kl/kuluncom/index.php/Home/Power/index.html
INFO: [ app_begin ] --START--
INFO: Run Behavior\ReadHtmlCache [ RunTime:0.000976s ]
INFO: [ app_begin ] --END-- [ RunTime:0.000976s ]
INFO: [ view_parse ] --START--
INFO: [ template_filter ] --START--
INFO: Run Behavior\ContentReplace [ RunTime:0.000000s ]
INFO: [ template_filter ] --END-- [ RunTime:0.000000s ]
INFO: Run Behavior\ParseTemplate [ RunTime:0.026367s ]
INFO: [ view_parse ] --END-- [ RunTime:0.026367s ]
INFO: [ view_filter ] --START--
INFO: Run Behavior\WriteHtmlCache [ RunTime:0.000000s ]
INFO: [ view_filter ] --END-- [ RunTime:0.000000s ]
INFO: [ app_end ] --START--
INFO: Run Behavior\ShowPageTrace [ RunTime:0.000976s ]
INFO: [ app_end ] --END-- [ RunTime:0.000976s ]

[ 2017-08-21T09:30:35+08:00 ] ::1 /gitkunl/kl/kuluncom/index.php/Home/Site/chief.html
INFO: [ app_begin ] --START--
INFO: Run Behavior\ReadHtmlCache [ RunTime:0.000977s ]
INFO: [ app_begin ] --END-- [ RunTime:0.000977s ]
NOTIC: [2] Missing argument 1 for I(), called in D:\phpStudy\WWW\gitkunl\kl\kuluncom\Application\Home\Controller\SiteController.class.php on line 30 and defined D:\phpStudy\WWW\gitkunl\kl\kuluncom\ThinkPHP\Common\functions.php 第 220 行.
NOTIC: [8] Undefined variable: name D:\phpStudy\WWW\gitkunl\kl\kuluncom\ThinkPHP\Common\functions.php 第 221 行.
NOTIC: [8192] mysql_connect(): The mysql extension is deprecated and will be removed in the future: use mysqli or PDO instead D:\phpStudy\WWW\gitkunl\kl\kuluncom\ThinkPHP\Library\Think\Db\Driver\Mysql.class.php 第 52 行.
SQL: SHOW COLUMNS FROM `kl_common` [ RunTime:0.006836s ]
ERR: 1146:Table 'kunluns.kl_common' doesn't exist
 [ SQL语句 ] : SHOW COLUMNS FROM `kl_common`
SQL: SHOW COLUMNS FROM `kl_admin_user` [ RunTime:0.006836s ]
NOTIC: [2] Invalid argument supplied for foreach() D:\phpStudy\WWW\gitkunl\kl\kuluncom\ThinkPHP\Library\Think\Db.class.php 第 425 行.
SQL: SELECT `u_id`,`nickname` FROM `kl_admin_user`  [ RunTime:0.000000s ]
INFO: [ view_parse ] --START--
INFO: [ template_filter ] --START--
INFO: Run Behavior\ContentReplace [ RunTime:0.000000s ]
INFO: [ template_filter ] --END-- [ RunTime:0.000000s ]
INFO: Run Behavior\ParseTemplate [ RunTime:0.027344s ]
INFO: [ view_parse ] --END-- [ RunTime:0.027344s ]
INFO: [ view_filter ] --START--
INFO: Run Behavior\WriteHtmlCache [ RunTime:0.000000s ]
INFO: [ view_filter ] --END-- [ RunTime:0.000000s ]
INFO: [ app_end ] --START--
INFO: Run Behavior\ShowPageTrace [ RunTime:0.000977s ]
INFO: [ app_end ] --END-- [ RunTime:0.000977s ]

[ 2017-08-21T09:30:38+08:00 ] ::1 /gitkunl/kl/kuluncom/index.php/Home/Site/banner.html
INFO: [ app_begin ] --START--
INFO: Run Behavior\ReadHtmlCache [ RunTime:0.000000s ]
INFO: [ app_begin ] --END-- [ RunTime:0.000976s ]
INFO: [ view_parse ] --START--
INFO: [ template_filter ] --START--
INFO: Run Behavior\ContentReplace [ RunTime:0.000000s ]
INFO: [ template_filter ] --END-- [ RunTime:0.000000s ]
INFO: Run Behavior\ParseTemplate [ RunTime:0.029296s ]
INFO: [ view_parse ] --END-- [ RunTime:0.029296s ]
INFO: [ view_filter ] --START--
INFO: Run Behavior\WriteHtmlCache [ RunTime:0.000000s ]
INFO: [ view_filter ] --END-- [ RunTime:0.000000s ]
INFO: [ app_end ] --START--
INFO: Run Behavior\ShowPageTrace [ RunTime:0.000000s ]
INFO: [ app_end ] --END-- [ RunTime:0.000000s ]

